РЅРѕСЏ 10, 2017 11:50:22 AM org.apache.catalina.core.AprLifecycleListener lifecycleEvent
INFO: The APR based Apache Tomcat Native library which allows optimal performance in production environments was not found on the java.library.path: C:\Program Files (x86)\Java\jdk1.8.0_131\bin;C:\WINDOWS\Sun\Java\bin;C:\WINDOWS\system32;C:\WINDOWS;C:\Program Files\Microsoft MPI\Bin\;C:\ProgramData\Oracle\Java\javapath;C:\oraclexe\app\oracle\product\11.2.0\server\bin;C:\WINDOWS\system32;C:\WINDOWS;C:\WINDOWS\System32\Wbem;C:\WINDOWS\System32\WindowsPowerShell\v1.0\;C:\wildfly-10.1.0.Final\bin;C:\Program Files (x86)\Java\jdk1.8.0_131\bin;C:\Users\moshi\gradle-4.2-0\gradle\bin;C:\Program Files\JetBrains\IntelliJ IDEA 2017.1.2\plugins\maven\lib\maven3\bin;C:\Program Files\Microsoft SQL Server\130\Tools\Binn\;C:\Program Files\dotnet\;C:\Program Files\Anaconda3;C:\Program Files\Anaconda3\Scripts;C:\Program Files\Anaconda3\Library\bin;C:\Program Files\Git\cmd;C:\Program Files (x86)\Java\jdk1.8.0_131\bin;D:\winutils-master\hadoop-2.8.1\bin;C:\Users\moshi\AppData\Local\Microsoft\WindowsApps;C:\wildfly-10.1.0.Final\bin;C:\Program Files (x86)\Java\jdk1.8.0_131\bin;C:\Users\moshi\gradle-4.2-0\gradle\bin;C:\Program Files\JetBrains\IntelliJ IDEA 2017.1.2\plugins\maven\lib\maven3\bin;C:\Program Files (x86)\Java\jdk1.8.0_131\bin;C:\Users\moshi\gradle-4.2-0\gradle\bin;D:\winutils-master\hadoop-2.8.1\bin;;.
РЅРѕСЏ 10, 2017 11:50:31 AM org.apache.coyote.AbstractProtocol init
INFO: Initializing ProtocolHandler ["http-bio-8080"]
РЅРѕСЏ 10, 2017 11:50:31 AM org.apache.coyote.AbstractProtocol init
INFO: Initializing ProtocolHandler ["ajp-bio-8009"]
РЅРѕСЏ 10, 2017 11:50:31 AM org.apache.catalina.startup.Catalina load
INFO: Initialization processed in 9366 ms
РЅРѕСЏ 10, 2017 11:50:31 AM org.apache.catalina.core.StandardService startInternal
INFO: Starting service Catalina
РЅРѕСЏ 10, 2017 11:50:31 AM org.apache.catalina.core.StandardEngine startInternal
INFO: Starting Servlet Engine: Apache Tomcat/7.0.62
РЅРѕСЏ 10, 2017 11:50:31 AM org.apache.catalina.startup.HostConfig deployDirectory
INFO: Deploying web application directory D:\Altarix\tezis-sandbox\deploy\tomcat\webapps\app
РЅРѕСЏ 10, 2017 11:50:31 AM org.apache.tomcat.util.digester.SetPropertiesRule begin
WARNING: [SetPropertiesRule]{Context/Manager} Setting property 'debug' to '0' did not find a matching property.
РЅРѕСЏ 10, 2017 11:50:36 AM com.haulmont.cuba.core.sys.logging.CubaLog4jConfigurator doConfigure
INFO: Configuring log4j from file:/D:\Altarix\tezis-sandbox\deploy\tomcat/conf/log4j.xml
РЅРѕСЏ 10, 2017 11:50:55 AM org.apache.catalina.startup.HostConfig deployDirectory
INFO: Deployment of web application directory D:\Altarix\tezis-sandbox\deploy\tomcat\webapps\app has finished in 24,092 ms
РЅРѕСЏ 10, 2017 11:50:55 AM org.apache.catalina.startup.HostConfig deployDirectory
INFO: Deploying web application directory D:\Altarix\tezis-sandbox\deploy\tomcat\webapps\app-core
РЅРѕСЏ 10, 2017 11:50:55 AM org.apache.tomcat.util.digester.SetPropertiesRule begin
WARNING: [SetPropertiesRule]{Context/Manager} Setting property 'debug' to '0' did not find a matching property.
РЅРѕСЏ 10, 2017 11:51:10 AM com.sun.xml.internal.ws.model.JavaMethodImpl freeze
WARNING: Mismatch between Java model and WSDL model found, For wsdl operation {http://russianpost.org/operationhistory}getOperationHistory,There is no matching wsdl fault with detail QName {http://russianpost.org/operationhistory/data}LanguageFaultReason
РЅРѕСЏ 10, 2017 11:51:41 AM org.apache.catalina.startup.HostConfig deployDirectory
INFO: Deployment of web application directory D:\Altarix\tezis-sandbox\deploy\tomcat\webapps\app-core has finished in 45,784 ms
РЅРѕСЏ 10, 2017 11:51:41 AM org.apache.catalina.startup.HostConfig deployDirectory
INFO: Deploying web application directory D:\Altarix\tezis-sandbox\deploy\tomcat\webapps\app-mobile
РЅРѕСЏ 10, 2017 11:51:41 AM org.apache.tomcat.util.digester.SetPropertiesRule begin
WARNING: [SetPropertiesRule]{Context/Manager} Setting property 'debug' to '0' did not find a matching property.
РЅРѕСЏ 10, 2017 11:51:48 AM org.apache.catalina.startup.HostConfig deployDirectory
INFO: Deployment of web application directory D:\Altarix\tezis-sandbox\deploy\tomcat\webapps\app-mobile has finished in 7,085 ms
РЅРѕСЏ 10, 2017 11:51:48 AM org.apache.catalina.startup.HostConfig deployDirectory
INFO: Deploying web application directory D:\Altarix\tezis-sandbox\deploy\tomcat\webapps\app-portal
РЅРѕСЏ 10, 2017 11:51:48 AM org.apache.tomcat.util.digester.SetPropertiesRule begin
WARNING: [SetPropertiesRule]{Context/Manager} Setting property 'debug' to '0' did not find a matching property.
РЅРѕСЏ 10, 2017 11:51:54 AM org.apache.catalina.startup.HostConfig deployDirectory
INFO: Deployment of web application directory D:\Altarix\tezis-sandbox\deploy\tomcat\webapps\app-portal has finished in 5,972 ms
РЅРѕСЏ 10, 2017 11:51:54 AM org.apache.catalina.startup.HostConfig deployDirectory
INFO: Deploying web application directory D:\Altarix\tezis-sandbox\deploy\tomcat\webapps\ROOT
РЅРѕСЏ 10, 2017 11:51:54 AM org.apache.catalina.startup.HostConfig deployDirectory
INFO: Deployment of web application directory D:\Altarix\tezis-sandbox\deploy\tomcat\webapps\ROOT has finished in 54 ms
РЅРѕСЏ 10, 2017 11:51:54 AM org.apache.coyote.AbstractProtocol start
INFO: Starting ProtocolHandler ["http-bio-8080"]
РЅРѕСЏ 10, 2017 11:51:54 AM org.apache.coyote.AbstractProtocol start
INFO: Starting ProtocolHandler ["ajp-bio-8009"]
РЅРѕСЏ 10, 2017 11:51:54 AM org.apache.catalina.startup.Catalina start
INFO: Server startup in 83290 ms
РЅРѕСЏ 10, 2017 11:54:07 AM com.vaadin.server.DefaultDeploymentConfiguration checkProductionMode
WARNING: 
=================================================================
Vaadin is running in DEBUG MODE.
Add productionMode=true to web.xml to disable debug features.
To show debug window, add ?debug to your application URL.
=================================================================
РЅРѕСЏ 10, 2017 11:54:07 AM com.vaadin.server.VaadinServletService checkAtmosphereSupport
WARNING: 
=================================================================
Vaadin depends on Atmosphere 2.2.4.vaadin5 but version 2.2.9 was found.
This might cause compatibility problems if push is used.
=================================================================
ноя 10, 2017 12:02:01 PM org.apache.catalina.startup.Catalina stopServer
SEVERE: Could not contact localhost:8005. Tomcat may not be running.
ноя 10, 2017 12:02:01 PM org.apache.catalina.startup.Catalina stopServer
SEVERE: Catalina.stop: 
java.net.ConnectException: Connection refused: connect
	at java.net.DualStackPlainSocketImpl.connect0(Native Method)
	at java.net.DualStackPlainSocketImpl.socketConnect(DualStackPlainSocketImpl.java:79)
	at java.net.AbstractPlainSocketImpl.doConnect(AbstractPlainSocketImpl.java:350)
	at java.net.AbstractPlainSocketImpl.connectToAddress(AbstractPlainSocketImpl.java:206)
	at java.net.AbstractPlainSocketImpl.connect(AbstractPlainSocketImpl.java:188)
	at java.net.PlainSocketImpl.connect(PlainSocketImpl.java:172)
	at java.net.SocksSocketImpl.connect(SocksSocketImpl.java:392)
	at java.net.Socket.connect(Socket.java:589)
	at java.net.Socket.connect(Socket.java:538)
	at java.net.Socket.<init>(Socket.java:434)
	at java.net.Socket.<init>(Socket.java:211)
	at org.apache.catalina.startup.Catalina.stopServer(Catalina.java:498)
	at sun.reflect.NativeMethodAccessorImpl.invoke0(Native Method)
	at sun.reflect.NativeMethodAccessorImpl.invoke(NativeMethodAccessorImpl.java:62)
	at sun.reflect.DelegatingMethodAccessorImpl.invoke(DelegatingMethodAccessorImpl.java:43)
	at java.lang.reflect.Method.invoke(Method.java:498)
	at org.apache.catalina.startup.Bootstrap.stopServer(Bootstrap.java:370)
	at org.apache.catalina.startup.Bootstrap.main(Bootstrap.java:457)

РЅРѕСЏ 10, 2017 4:16:45 PM org.apache.catalina.core.AprLifecycleListener lifecycleEvent
INFO: The APR based Apache Tomcat Native library which allows optimal performance in production environments was not found on the java.library.path: C:\Program Files (x86)\Java\jdk1.8.0_131\bin;C:\WINDOWS\Sun\Java\bin;C:\WINDOWS\system32;C:\WINDOWS;C:\Program Files\Microsoft MPI\Bin\;C:\ProgramData\Oracle\Java\javapath;C:\oraclexe\app\oracle\product\11.2.0\server\bin;C:\WINDOWS\system32;C:\WINDOWS;C:\WINDOWS\System32\Wbem;C:\WINDOWS\System32\WindowsPowerShell\v1.0\;C:\wildfly-10.1.0.Final\bin;C:\Program Files (x86)\Java\jdk1.8.0_131\bin;C:\Users\moshi\gradle-4.2-0\gradle\bin;C:\Program Files\JetBrains\IntelliJ IDEA 2017.1.2\plugins\maven\lib\maven3\bin;C:\Program Files\Microsoft SQL Server\130\Tools\Binn\;C:\Program Files\dotnet\;C:\Program Files\Anaconda3;C:\Program Files\Anaconda3\Scripts;C:\Program Files\Anaconda3\Library\bin;C:\Program Files\Git\cmd;C:\Program Files (x86)\Java\jdk1.8.0_131\bin;D:\winutils-master\hadoop-2.8.1\bin;C:\Users\moshi\AppData\Local\Microsoft\WindowsApps;C:\wildfly-10.1.0.Final\bin;C:\Program Files (x86)\Java\jdk1.8.0_131\bin;C:\Users\moshi\gradle-4.2-0\gradle\bin;C:\Program Files\JetBrains\IntelliJ IDEA 2017.1.2\plugins\maven\lib\maven3\bin;C:\Program Files (x86)\Java\jdk1.8.0_131\bin;C:\Users\moshi\gradle-4.2-0\gradle\bin;D:\winutils-master\hadoop-2.8.1\bin;;.
РЅРѕСЏ 10, 2017 4:17:00 PM org.apache.coyote.AbstractProtocol init
INFO: Initializing ProtocolHandler ["http-bio-8080"]
РЅРѕСЏ 10, 2017 4:17:00 PM org.apache.coyote.AbstractProtocol init
INFO: Initializing ProtocolHandler ["ajp-bio-8009"]
РЅРѕСЏ 10, 2017 4:17:00 PM org.apache.catalina.startup.Catalina load
INFO: Initialization processed in 16314 ms
РЅРѕСЏ 10, 2017 4:17:00 PM org.apache.catalina.core.StandardService startInternal
INFO: Starting service Catalina
РЅРѕСЏ 10, 2017 4:17:00 PM org.apache.catalina.core.StandardEngine startInternal
INFO: Starting Servlet Engine: Apache Tomcat/7.0.62
РЅРѕСЏ 10, 2017 4:17:00 PM org.apache.catalina.startup.HostConfig deployDirectory
INFO: Deploying web application directory D:\Altarix\tezis-sandbox\deploy\tomcat\webapps\app
РЅРѕСЏ 10, 2017 4:17:00 PM org.apache.tomcat.util.digester.SetPropertiesRule begin
WARNING: [SetPropertiesRule]{Context/Manager} Setting property 'debug' to '0' did not find a matching property.
РЅРѕСЏ 10, 2017 4:17:10 PM com.haulmont.cuba.core.sys.logging.CubaLog4jConfigurator doConfigure
INFO: Configuring log4j from file:/D:\Altarix\tezis-sandbox\deploy\tomcat/conf/log4j.xml
РЅРѕСЏ 10, 2017 4:17:45 PM org.apache.catalina.startup.HostConfig deployDirectory
INFO: Deployment of web application directory D:\Altarix\tezis-sandbox\deploy\tomcat\webapps\app has finished in 44,398 ms
РЅРѕСЏ 10, 2017 4:17:45 PM org.apache.catalina.startup.HostConfig deployDirectory
INFO: Deploying web application directory D:\Altarix\tezis-sandbox\deploy\tomcat\webapps\app-core
РЅРѕСЏ 10, 2017 4:17:45 PM org.apache.tomcat.util.digester.SetPropertiesRule begin
WARNING: [SetPropertiesRule]{Context/Manager} Setting property 'debug' to '0' did not find a matching property.
РЅРѕСЏ 10, 2017 4:18:11 PM com.sun.xml.internal.ws.model.JavaMethodImpl freeze
WARNING: Mismatch between Java model and WSDL model found, For wsdl operation {http://russianpost.org/operationhistory}getOperationHistory,There is no matching wsdl fault with detail QName {http://russianpost.org/operationhistory/data}LanguageFaultReason
РЅРѕСЏ 10, 2017 4:19:10 PM org.apache.catalina.startup.HostConfig deployDirectory
INFO: Deployment of web application directory D:\Altarix\tezis-sandbox\deploy\tomcat\webapps\app-core has finished in 85,569 ms
РЅРѕСЏ 10, 2017 4:19:10 PM org.apache.catalina.startup.HostConfig deployDirectory
INFO: Deploying web application directory D:\Altarix\tezis-sandbox\deploy\tomcat\webapps\app-mobile
РЅРѕСЏ 10, 2017 4:19:10 PM org.apache.tomcat.util.digester.SetPropertiesRule begin
WARNING: [SetPropertiesRule]{Context/Manager} Setting property 'debug' to '0' did not find a matching property.
РЅРѕСЏ 10, 2017 4:19:20 PM org.apache.catalina.startup.HostConfig deployDirectory
INFO: Deployment of web application directory D:\Altarix\tezis-sandbox\deploy\tomcat\webapps\app-mobile has finished in 9,668 ms
РЅРѕСЏ 10, 2017 4:19:20 PM org.apache.catalina.startup.HostConfig deployDirectory
INFO: Deploying web application directory D:\Altarix\tezis-sandbox\deploy\tomcat\webapps\app-portal
РЅРѕСЏ 10, 2017 4:19:20 PM org.apache.tomcat.util.digester.SetPropertiesRule begin
WARNING: [SetPropertiesRule]{Context/Manager} Setting property 'debug' to '0' did not find a matching property.
РЅРѕСЏ 10, 2017 4:19:30 PM org.apache.catalina.startup.HostConfig deployDirectory
INFO: Deployment of web application directory D:\Altarix\tezis-sandbox\deploy\tomcat\webapps\app-portal has finished in 9,779 ms
РЅРѕСЏ 10, 2017 4:19:30 PM org.apache.catalina.startup.HostConfig deployDirectory
INFO: Deploying web application directory D:\Altarix\tezis-sandbox\deploy\tomcat\webapps\ROOT
РЅРѕСЏ 10, 2017 4:19:30 PM org.apache.catalina.startup.HostConfig deployDirectory
INFO: Deployment of web application directory D:\Altarix\tezis-sandbox\deploy\tomcat\webapps\ROOT has finished in 136 ms
РЅРѕСЏ 10, 2017 4:19:30 PM org.apache.coyote.AbstractProtocol start
INFO: Starting ProtocolHandler ["http-bio-8080"]
РЅРѕСЏ 10, 2017 4:19:30 PM org.apache.coyote.AbstractProtocol start
INFO: Starting ProtocolHandler ["ajp-bio-8009"]
РЅРѕСЏ 10, 2017 4:19:30 PM org.apache.catalina.startup.Catalina start
INFO: Server startup in 150010 ms
РЅРѕСЏ 10, 2017 4:19:30 PM com.vaadin.server.DefaultDeploymentConfiguration checkProductionMode
WARNING: 
=================================================================
Vaadin is running in DEBUG MODE.
Add productionMode=true to web.xml to disable debug features.
To show debug window, add ?debug to your application URL.
=================================================================
РЅРѕСЏ 10, 2017 4:19:31 PM com.vaadin.server.VaadinServletService checkAtmosphereSupport
WARNING: 
=================================================================
Vaadin depends on Atmosphere 2.2.4.vaadin5 but version 2.2.9 was found.
This might cause compatibility problems if push is used.
=================================================================
РЅРѕСЏ 10, 2017 4:19:40 PM org.apache.catalina.startup.HostConfig undeploy
INFO: Undeploying context [/app]
РЅРѕСЏ 10, 2017 4:19:40 PM org.apache.catalina.loader.WebappClassLoader clearReferencesThreads
SEVERE: The web application [/app] appears to have started a thread named [perf4j-async-stats-appender-sink-CoalescingStatistics] but has failed to stop it. This is very likely to create a memory leak.
РЅРѕСЏ 10, 2017 4:19:40 PM org.apache.catalina.loader.WebappClassLoader clearReferencesThreads
SEVERE: The web application [/app] appears to have started a thread named [perf4j-async-stats-appender-sink-UICoalescingStatistics] but has failed to stop it. This is very likely to create a memory leak.
РЅРѕСЏ 10, 2017 4:19:40 PM org.apache.catalina.startup.HostConfig deployDirectory
INFO: Deploying web application directory D:\Altarix\tezis-sandbox\deploy\tomcat\webapps\app
РЅРѕСЏ 10, 2017 4:19:40 PM org.apache.tomcat.util.digester.SetPropertiesRule begin
WARNING: [SetPropertiesRule]{Context/Manager} Setting property 'debug' to '0' did not find a matching property.
РЅРѕСЏ 10, 2017 4:19:54 PM org.apache.catalina.startup.HostConfig deployDirectory
INFO: Deployment of web application directory D:\Altarix\tezis-sandbox\deploy\tomcat\webapps\app has finished in 14,016 ms
РЅРѕСЏ 10, 2017 4:20:40 PM com.vaadin.server.DefaultDeploymentConfiguration checkProductionMode
WARNING: 
=================================================================
Vaadin is running in DEBUG MODE.
Add productionMode=true to web.xml to disable debug features.
To show debug window, add ?debug to your application URL.
=================================================================
РЅРѕСЏ 10, 2017 4:20:40 PM com.vaadin.server.VaadinServletService checkAtmosphereSupport
WARNING: 
=================================================================
Vaadin depends on Atmosphere 2.2.4.vaadin5 but version 2.2.9 was found.
This might cause compatibility problems if push is used.
=================================================================
