ноя 09, 2017 12:27:04 PM org.apache.catalina.core.ApplicationContext log
INFO: Initializing AtmosphereFramework
ноя 09, 2017 12:27:06 PM org.apache.catalina.core.ApplicationContext log
INFO: No Spring WebApplicationInitializer types detected on classpath
ноя 09, 2017 12:27:19 PM org.apache.catalina.core.ApplicationContext log
INFO: Initializing Spring FrameworkServlet 'dispatcher'
ноя 09, 2017 12:27:22 PM org.apache.catalina.core.ApplicationContext log
INFO: Initializing AtmosphereFramework
ноя 09, 2017 12:27:22 PM org.apache.catalina.core.ApplicationContext log
INFO: No Spring WebApplicationInitializer types detected on classpath
ноя 09, 2017 12:28:01 PM org.apache.catalina.core.ApplicationContext log
INFO: Initializing Spring FrameworkServlet 'remoting'
ноя 09, 2017 12:28:03 PM org.apache.catalina.core.ApplicationContext log
INFO: Initializing AtmosphereFramework
ноя 09, 2017 12:28:03 PM org.apache.catalina.core.ApplicationContext log
INFO: No Spring WebApplicationInitializer types detected on classpath
ноя 09, 2017 12:28:08 PM org.apache.catalina.core.ApplicationContext log
INFO: Initializing AtmosphereFramework
ноя 09, 2017 12:28:08 PM org.apache.catalina.core.ApplicationContext log
INFO: No Spring WebApplicationInitializer types detected on classpath
ноя 09, 2017 12:28:11 PM org.apache.catalina.core.ApplicationContext log
INFO: Initializing Spring root WebApplicationContext
ноя 09, 2017 12:28:11 PM org.apache.catalina.core.ApplicationContext log
INFO: Initializing Spring FrameworkServlet 'old-reminder-update-ws'
ноя 09, 2017 12:28:11 PM org.apache.catalina.core.ApplicationContext log
INFO: Initializing Spring FrameworkServlet 'spring-ws'
ноя 09, 2017 12:28:13 PM org.apache.catalina.core.ApplicationContext log
INFO: Initializing AtmosphereFramework
ноя 09, 2017 12:28:13 PM org.apache.catalina.core.ApplicationContext log
INFO: No Spring WebApplicationInitializer types detected on classpath
ноя 09, 2017 12:35:59 PM org.apache.catalina.core.ApplicationContext log
INFO: Initializing AtmosphereFramework
ноя 09, 2017 12:36:00 PM org.apache.catalina.core.ApplicationContext log
INFO: No Spring WebApplicationInitializer types detected on classpath
ноя 09, 2017 12:36:16 PM org.apache.catalina.core.ApplicationContext log
INFO: Initializing Spring FrameworkServlet 'dispatcher'
ноя 09, 2017 12:36:19 PM org.apache.catalina.core.ApplicationContext log
INFO: Initializing AtmosphereFramework
ноя 09, 2017 12:36:19 PM org.apache.catalina.core.ApplicationContext log
INFO: No Spring WebApplicationInitializer types detected on classpath
ноя 09, 2017 12:36:56 PM org.apache.catalina.core.ApplicationContext log
INFO: Initializing Spring FrameworkServlet 'remoting'
ноя 09, 2017 12:36:58 PM org.apache.catalina.core.ApplicationContext log
INFO: Initializing AtmosphereFramework
ноя 09, 2017 12:36:58 PM org.apache.catalina.core.ApplicationContext log
INFO: No Spring WebApplicationInitializer types detected on classpath
ноя 09, 2017 12:37:06 PM org.apache.catalina.core.ApplicationContext log
INFO: Initializing AtmosphereFramework
ноя 09, 2017 12:37:06 PM org.apache.catalina.core.ApplicationContext log
INFO: No Spring WebApplicationInitializer types detected on classpath
ноя 09, 2017 12:37:09 PM org.apache.catalina.core.ApplicationContext log
INFO: Initializing Spring root WebApplicationContext
ноя 09, 2017 12:37:09 PM org.apache.catalina.core.ApplicationContext log
INFO: Initializing Spring FrameworkServlet 'old-reminder-update-ws'
ноя 09, 2017 12:37:10 PM org.apache.catalina.core.ApplicationContext log
INFO: Initializing Spring FrameworkServlet 'spring-ws'
ноя 09, 2017 12:37:11 PM org.apache.catalina.core.ApplicationContext log
INFO: Initializing AtmosphereFramework
ноя 09, 2017 12:37:11 PM org.apache.catalina.core.ApplicationContext log
INFO: No Spring WebApplicationInitializer types detected on classpath
ноя 09, 2017 12:44:23 PM org.apache.catalina.core.ApplicationContext log
INFO: Initializing AtmosphereFramework
ноя 09, 2017 12:44:24 PM org.apache.catalina.core.ApplicationContext log
INFO: No Spring WebApplicationInitializer types detected on classpath
ноя 09, 2017 12:44:40 PM org.apache.catalina.core.ApplicationContext log
INFO: Initializing Spring FrameworkServlet 'dispatcher'
ноя 09, 2017 12:44:43 PM org.apache.catalina.core.ApplicationContext log
INFO: Initializing AtmosphereFramework
ноя 09, 2017 12:44:43 PM org.apache.catalina.core.ApplicationContext log
INFO: No Spring WebApplicationInitializer types detected on classpath
ноя 09, 2017 12:45:24 PM org.apache.catalina.core.ApplicationContext log
INFO: Initializing Spring FrameworkServlet 'remoting'
ноя 09, 2017 12:45:26 PM org.apache.catalina.core.ApplicationContext log
INFO: Initializing AtmosphereFramework
ноя 09, 2017 12:45:26 PM org.apache.catalina.core.ApplicationContext log
INFO: No Spring WebApplicationInitializer types detected on classpath
ноя 09, 2017 12:45:33 PM org.apache.catalina.core.ApplicationContext log
INFO: Initializing AtmosphereFramework
ноя 09, 2017 12:45:33 PM org.apache.catalina.core.ApplicationContext log
INFO: No Spring WebApplicationInitializer types detected on classpath
ноя 09, 2017 12:45:36 PM org.apache.catalina.core.ApplicationContext log
INFO: Initializing Spring root WebApplicationContext
ноя 09, 2017 12:45:37 PM org.apache.catalina.core.ApplicationContext log
INFO: Initializing Spring FrameworkServlet 'old-reminder-update-ws'
ноя 09, 2017 12:45:37 PM org.apache.catalina.core.ApplicationContext log
INFO: Initializing Spring FrameworkServlet 'spring-ws'
ноя 09, 2017 12:45:39 PM org.apache.catalina.core.ApplicationContext log
INFO: Initializing AtmosphereFramework
ноя 09, 2017 12:45:39 PM org.apache.catalina.core.ApplicationContext log
INFO: No Spring WebApplicationInitializer types detected on classpath
ноя 09, 2017 12:54:19 PM org.apache.catalina.core.ApplicationContext log
INFO: Initializing AtmosphereFramework
ноя 09, 2017 12:54:20 PM org.apache.catalina.core.ApplicationContext log
INFO: No Spring WebApplicationInitializer types detected on classpath
ноя 09, 2017 12:54:35 PM org.apache.catalina.core.ApplicationContext log
INFO: Initializing Spring FrameworkServlet 'dispatcher'
ноя 09, 2017 12:54:39 PM org.apache.catalina.core.ApplicationContext log
INFO: Initializing AtmosphereFramework
ноя 09, 2017 12:54:39 PM org.apache.catalina.core.ApplicationContext log
INFO: No Spring WebApplicationInitializer types detected on classpath
ноя 09, 2017 12:55:14 PM org.apache.catalina.core.ApplicationContext log
INFO: Initializing Spring FrameworkServlet 'remoting'
ноя 09, 2017 12:55:15 PM org.apache.catalina.core.ApplicationContext log
INFO: Initializing AtmosphereFramework
ноя 09, 2017 12:55:15 PM org.apache.catalina.core.ApplicationContext log
INFO: No Spring WebApplicationInitializer types detected on classpath
ноя 09, 2017 12:55:20 PM org.apache.catalina.core.ApplicationContext log
INFO: Initializing AtmosphereFramework
ноя 09, 2017 12:55:20 PM org.apache.catalina.core.ApplicationContext log
INFO: No Spring WebApplicationInitializer types detected on classpath
ноя 09, 2017 12:55:22 PM org.apache.catalina.core.ApplicationContext log
INFO: Initializing Spring root WebApplicationContext
ноя 09, 2017 12:55:22 PM org.apache.catalina.core.ApplicationContext log
INFO: Initializing Spring FrameworkServlet 'old-reminder-update-ws'
ноя 09, 2017 12:55:23 PM org.apache.catalina.core.ApplicationContext log
INFO: Initializing Spring FrameworkServlet 'spring-ws'
ноя 09, 2017 12:55:24 PM org.apache.catalina.core.ApplicationContext log
INFO: Initializing AtmosphereFramework
ноя 09, 2017 12:55:24 PM org.apache.catalina.core.ApplicationContext log
INFO: No Spring WebApplicationInitializer types detected on classpath
ноя 09, 2017 1:40:21 PM org.apache.catalina.core.ApplicationContext log
INFO: Initializing AtmosphereFramework
ноя 09, 2017 1:40:22 PM org.apache.catalina.core.ApplicationContext log
INFO: No Spring WebApplicationInitializer types detected on classpath
ноя 09, 2017 1:40:33 PM org.apache.catalina.core.ApplicationContext log
INFO: Initializing Spring FrameworkServlet 'dispatcher'
ноя 09, 2017 1:40:35 PM org.apache.catalina.core.ApplicationContext log
INFO: Initializing AtmosphereFramework
ноя 09, 2017 1:40:35 PM org.apache.catalina.core.ApplicationContext log
INFO: No Spring WebApplicationInitializer types detected on classpath
ноя 09, 2017 1:41:08 PM org.apache.catalina.core.ApplicationContext log
INFO: Initializing Spring FrameworkServlet 'remoting'
ноя 09, 2017 1:41:10 PM org.apache.catalina.core.ApplicationContext log
INFO: Initializing AtmosphereFramework
ноя 09, 2017 1:41:10 PM org.apache.catalina.core.ApplicationContext log
INFO: No Spring WebApplicationInitializer types detected on classpath
ноя 09, 2017 1:41:15 PM org.apache.catalina.core.ApplicationContext log
INFO: Initializing AtmosphereFramework
ноя 09, 2017 1:41:15 PM org.apache.catalina.core.ApplicationContext log
INFO: No Spring WebApplicationInitializer types detected on classpath
ноя 09, 2017 1:41:17 PM org.apache.catalina.core.ApplicationContext log
INFO: Initializing Spring root WebApplicationContext
ноя 09, 2017 1:41:17 PM org.apache.catalina.core.ApplicationContext log
INFO: Initializing Spring FrameworkServlet 'old-reminder-update-ws'
ноя 09, 2017 1:41:18 PM org.apache.catalina.core.ApplicationContext log
INFO: Initializing Spring FrameworkServlet 'spring-ws'
ноя 09, 2017 1:41:19 PM org.apache.catalina.core.ApplicationContext log
INFO: Initializing AtmosphereFramework
ноя 09, 2017 1:41:19 PM org.apache.catalina.core.ApplicationContext log
INFO: No Spring WebApplicationInitializer types detected on classpath
ноя 09, 2017 1:48:51 PM org.apache.catalina.core.ApplicationContext log
INFO: Initializing AtmosphereFramework
ноя 09, 2017 1:48:52 PM org.apache.catalina.core.ApplicationContext log
INFO: No Spring WebApplicationInitializer types detected on classpath
ноя 09, 2017 1:49:04 PM org.apache.catalina.core.ApplicationContext log
INFO: Initializing Spring FrameworkServlet 'dispatcher'
ноя 09, 2017 1:49:08 PM org.apache.catalina.core.ApplicationContext log
INFO: Initializing AtmosphereFramework
ноя 09, 2017 1:49:08 PM org.apache.catalina.core.ApplicationContext log
INFO: No Spring WebApplicationInitializer types detected on classpath
ноя 09, 2017 1:49:41 PM org.apache.catalina.core.ApplicationContext log
INFO: Initializing Spring FrameworkServlet 'remoting'
ноя 09, 2017 1:49:43 PM org.apache.catalina.core.ApplicationContext log
INFO: Initializing AtmosphereFramework
ноя 09, 2017 1:49:43 PM org.apache.catalina.core.ApplicationContext log
INFO: No Spring WebApplicationInitializer types detected on classpath
ноя 09, 2017 1:49:49 PM org.apache.catalina.core.ApplicationContext log
INFO: Initializing AtmosphereFramework
ноя 09, 2017 1:49:49 PM org.apache.catalina.core.ApplicationContext log
INFO: No Spring WebApplicationInitializer types detected on classpath
ноя 09, 2017 1:49:52 PM org.apache.catalina.core.ApplicationContext log
INFO: Initializing Spring root WebApplicationContext
ноя 09, 2017 1:49:52 PM org.apache.catalina.core.ApplicationContext log
INFO: Initializing Spring FrameworkServlet 'old-reminder-update-ws'
ноя 09, 2017 1:49:53 PM org.apache.catalina.core.ApplicationContext log
INFO: Initializing Spring FrameworkServlet 'spring-ws'
ноя 09, 2017 1:49:54 PM org.apache.catalina.core.ApplicationContext log
INFO: Initializing AtmosphereFramework
ноя 09, 2017 1:49:54 PM org.apache.catalina.core.ApplicationContext log
INFO: No Spring WebApplicationInitializer types detected on classpath
ноя 09, 2017 1:54:18 PM org.apache.catalina.core.ApplicationContext log
INFO: Initializing AtmosphereFramework
ноя 09, 2017 1:54:20 PM org.apache.catalina.core.ApplicationContext log
INFO: No Spring WebApplicationInitializer types detected on classpath
ноя 09, 2017 1:54:34 PM org.apache.catalina.core.ApplicationContext log
INFO: Initializing Spring FrameworkServlet 'dispatcher'
ноя 09, 2017 1:54:37 PM org.apache.catalina.core.ApplicationContext log
INFO: Initializing AtmosphereFramework
ноя 09, 2017 1:54:37 PM org.apache.catalina.core.ApplicationContext log
INFO: No Spring WebApplicationInitializer types detected on classpath
ноя 09, 2017 1:55:13 PM org.apache.catalina.core.ApplicationContext log
INFO: Initializing Spring FrameworkServlet 'remoting'
ноя 09, 2017 1:55:15 PM org.apache.catalina.core.ApplicationContext log
INFO: Initializing AtmosphereFramework
ноя 09, 2017 1:55:15 PM org.apache.catalina.core.ApplicationContext log
INFO: No Spring WebApplicationInitializer types detected on classpath
ноя 09, 2017 1:55:21 PM org.apache.catalina.core.ApplicationContext log
INFO: Initializing AtmosphereFramework
ноя 09, 2017 1:55:21 PM org.apache.catalina.core.ApplicationContext log
INFO: No Spring WebApplicationInitializer types detected on classpath
ноя 09, 2017 1:55:24 PM org.apache.catalina.core.ApplicationContext log
INFO: Initializing Spring root WebApplicationContext
ноя 09, 2017 1:55:24 PM org.apache.catalina.core.ApplicationContext log
INFO: Initializing Spring FrameworkServlet 'old-reminder-update-ws'
ноя 09, 2017 1:55:24 PM org.apache.catalina.core.ApplicationContext log
INFO: Initializing Spring FrameworkServlet 'spring-ws'
ноя 09, 2017 1:55:26 PM org.apache.catalina.core.ApplicationContext log
INFO: Initializing AtmosphereFramework
ноя 09, 2017 1:55:26 PM org.apache.catalina.core.ApplicationContext log
INFO: No Spring WebApplicationInitializer types detected on classpath
ноя 09, 2017 2:01:21 PM org.apache.catalina.core.ApplicationContext log
INFO: Initializing AtmosphereFramework
ноя 09, 2017 2:01:22 PM org.apache.catalina.core.ApplicationContext log
INFO: No Spring WebApplicationInitializer types detected on classpath
ноя 09, 2017 2:01:33 PM org.apache.catalina.core.ApplicationContext log
INFO: Initializing Spring FrameworkServlet 'dispatcher'
ноя 09, 2017 2:01:36 PM org.apache.catalina.core.ApplicationContext log
INFO: Initializing AtmosphereFramework
ноя 09, 2017 2:01:36 PM org.apache.catalina.core.ApplicationContext log
INFO: No Spring WebApplicationInitializer types detected on classpath
ноя 09, 2017 2:02:09 PM org.apache.catalina.core.ApplicationContext log
INFO: Initializing Spring FrameworkServlet 'remoting'
ноя 09, 2017 2:02:11 PM org.apache.catalina.core.ApplicationContext log
INFO: Initializing AtmosphereFramework
ноя 09, 2017 2:02:11 PM org.apache.catalina.core.ApplicationContext log
INFO: No Spring WebApplicationInitializer types detected on classpath
ноя 09, 2017 2:02:16 PM org.apache.catalina.core.ApplicationContext log
INFO: Initializing AtmosphereFramework
ноя 09, 2017 2:02:16 PM org.apache.catalina.core.ApplicationContext log
INFO: No Spring WebApplicationInitializer types detected on classpath
ноя 09, 2017 2:02:18 PM org.apache.catalina.core.ApplicationContext log
INFO: Initializing Spring root WebApplicationContext
ноя 09, 2017 2:02:18 PM org.apache.catalina.core.ApplicationContext log
INFO: Initializing Spring FrameworkServlet 'old-reminder-update-ws'
ноя 09, 2017 2:02:19 PM org.apache.catalina.core.ApplicationContext log
INFO: Initializing Spring FrameworkServlet 'spring-ws'
ноя 09, 2017 2:02:20 PM org.apache.catalina.core.ApplicationContext log
INFO: Initializing AtmosphereFramework
ноя 09, 2017 2:02:20 PM org.apache.catalina.core.ApplicationContext log
INFO: No Spring WebApplicationInitializer types detected on classpath
ноя 09, 2017 2:05:20 PM org.apache.catalina.core.ApplicationContext log
INFO: Destroying Spring FrameworkServlet 'dispatcher'
ноя 09, 2017 2:05:21 PM org.apache.catalina.core.ApplicationContext log
INFO: Destroying Spring FrameworkServlet 'remoting'
ноя 09, 2017 2:16:41 PM org.apache.catalina.core.ApplicationContext log
INFO: Initializing AtmosphereFramework
ноя 09, 2017 2:16:41 PM org.apache.catalina.core.ApplicationContext log
INFO: No Spring WebApplicationInitializer types detected on classpath
ноя 09, 2017 2:16:52 PM org.apache.catalina.core.ApplicationContext log
INFO: Initializing Spring FrameworkServlet 'dispatcher'
ноя 09, 2017 2:16:54 PM org.apache.catalina.core.ApplicationContext log
INFO: Initializing AtmosphereFramework
ноя 09, 2017 2:16:54 PM org.apache.catalina.core.ApplicationContext log
INFO: No Spring WebApplicationInitializer types detected on classpath
ноя 09, 2017 2:17:29 PM org.apache.catalina.core.ApplicationContext log
INFO: Initializing Spring FrameworkServlet 'remoting'
ноя 09, 2017 2:17:31 PM org.apache.catalina.core.ApplicationContext log
INFO: Initializing AtmosphereFramework
ноя 09, 2017 2:17:31 PM org.apache.catalina.core.ApplicationContext log
INFO: No Spring WebApplicationInitializer types detected on classpath
ноя 09, 2017 2:17:37 PM org.apache.catalina.core.ApplicationContext log
INFO: Initializing AtmosphereFramework
ноя 09, 2017 2:17:37 PM org.apache.catalina.core.ApplicationContext log
INFO: No Spring WebApplicationInitializer types detected on classpath
ноя 09, 2017 2:17:41 PM org.apache.catalina.core.ApplicationContext log
INFO: Initializing Spring root WebApplicationContext
ноя 09, 2017 2:17:41 PM org.apache.catalina.core.ApplicationContext log
INFO: Initializing Spring FrameworkServlet 'old-reminder-update-ws'
ноя 09, 2017 2:17:42 PM org.apache.catalina.core.ApplicationContext log
INFO: Initializing Spring FrameworkServlet 'spring-ws'
ноя 09, 2017 2:17:44 PM org.apache.catalina.core.ApplicationContext log
INFO: Initializing AtmosphereFramework
ноя 09, 2017 2:17:44 PM org.apache.catalina.core.ApplicationContext log
INFO: No Spring WebApplicationInitializer types detected on classpath
ноя 09, 2017 2:28:25 PM org.apache.catalina.core.ApplicationContext log
INFO: Initializing AtmosphereFramework
ноя 09, 2017 2:28:25 PM org.apache.catalina.core.ApplicationContext log
INFO: No Spring WebApplicationInitializer types detected on classpath
ноя 09, 2017 2:28:37 PM org.apache.catalina.core.ApplicationContext log
INFO: Initializing Spring FrameworkServlet 'dispatcher'
ноя 09, 2017 2:28:39 PM org.apache.catalina.core.ApplicationContext log
INFO: Initializing AtmosphereFramework
ноя 09, 2017 2:28:39 PM org.apache.catalina.core.ApplicationContext log
INFO: No Spring WebApplicationInitializer types detected on classpath
ноя 09, 2017 2:29:14 PM org.apache.catalina.core.ApplicationContext log
INFO: Initializing Spring FrameworkServlet 'remoting'
ноя 09, 2017 2:29:15 PM org.apache.catalina.core.ApplicationContext log
INFO: Initializing AtmosphereFramework
ноя 09, 2017 2:29:15 PM org.apache.catalina.core.ApplicationContext log
INFO: No Spring WebApplicationInitializer types detected on classpath
ноя 09, 2017 2:29:21 PM org.apache.catalina.core.ApplicationContext log
INFO: Initializing AtmosphereFramework
ноя 09, 2017 2:29:21 PM org.apache.catalina.core.ApplicationContext log
INFO: No Spring WebApplicationInitializer types detected on classpath
ноя 09, 2017 2:29:24 PM org.apache.catalina.core.ApplicationContext log
INFO: Initializing Spring root WebApplicationContext
ноя 09, 2017 2:29:24 PM org.apache.catalina.core.ApplicationContext log
INFO: Initializing Spring FrameworkServlet 'old-reminder-update-ws'
ноя 09, 2017 2:29:24 PM org.apache.catalina.core.ApplicationContext log
INFO: Initializing Spring FrameworkServlet 'spring-ws'
ноя 09, 2017 2:29:26 PM org.apache.catalina.core.ApplicationContext log
INFO: Initializing AtmosphereFramework
ноя 09, 2017 2:29:26 PM org.apache.catalina.core.ApplicationContext log
INFO: No Spring WebApplicationInitializer types detected on classpath
ноя 09, 2017 2:39:58 PM org.apache.catalina.core.ApplicationContext log
INFO: Initializing AtmosphereFramework
ноя 09, 2017 2:39:59 PM org.apache.catalina.core.ApplicationContext log
INFO: No Spring WebApplicationInitializer types detected on classpath
ноя 09, 2017 2:40:12 PM org.apache.catalina.core.ApplicationContext log
INFO: Initializing Spring FrameworkServlet 'dispatcher'
ноя 09, 2017 2:40:15 PM org.apache.catalina.core.ApplicationContext log
INFO: Initializing AtmosphereFramework
ноя 09, 2017 2:40:15 PM org.apache.catalina.core.ApplicationContext log
INFO: No Spring WebApplicationInitializer types detected on classpath
ноя 09, 2017 2:40:53 PM org.apache.catalina.core.ApplicationContext log
INFO: Initializing Spring FrameworkServlet 'remoting'
ноя 09, 2017 2:40:54 PM org.apache.catalina.core.ApplicationContext log
INFO: Initializing AtmosphereFramework
ноя 09, 2017 2:40:54 PM org.apache.catalina.core.ApplicationContext log
INFO: No Spring WebApplicationInitializer types detected on classpath
ноя 09, 2017 2:40:59 PM org.apache.catalina.core.ApplicationContext log
INFO: Initializing AtmosphereFramework
ноя 09, 2017 2:40:59 PM org.apache.catalina.core.ApplicationContext log
INFO: No Spring WebApplicationInitializer types detected on classpath
ноя 09, 2017 2:41:02 PM org.apache.catalina.core.ApplicationContext log
INFO: Initializing Spring root WebApplicationContext
ноя 09, 2017 2:41:02 PM org.apache.catalina.core.ApplicationContext log
INFO: Initializing Spring FrameworkServlet 'old-reminder-update-ws'
ноя 09, 2017 2:41:03 PM org.apache.catalina.core.ApplicationContext log
INFO: Initializing Spring FrameworkServlet 'spring-ws'
ноя 09, 2017 2:41:04 PM org.apache.catalina.core.ApplicationContext log
INFO: Initializing AtmosphereFramework
ноя 09, 2017 2:41:04 PM org.apache.catalina.core.ApplicationContext log
INFO: No Spring WebApplicationInitializer types detected on classpath
ноя 09, 2017 3:14:50 PM org.apache.catalina.core.ApplicationContext log
INFO: Initializing AtmosphereFramework
ноя 09, 2017 3:14:51 PM org.apache.catalina.core.ApplicationContext log
INFO: No Spring WebApplicationInitializer types detected on classpath
ноя 09, 2017 3:15:02 PM org.apache.catalina.core.StandardContext listenerStart
SEVERE: Exception sending context initialized event to listener instance of class com.haulmont.cuba.web.sys.WebAppContextLoader
java.lang.RuntimeException: org.springframework.beans.factory.BeanCreationException: Error creating bean with name 'tezistest_ExtSimpleDocService': Initialization of bean failed; nested exception is org.springframework.beans.TypeMismatchException: Failed to convert property value of type 'java.lang.String' to required type 'java.lang.Class' for property 'serviceInterface'; nested exception is java.lang.IllegalArgumentException: Cannot find class [com.company.tezistest.service.ExtSimpleDocService]
	at com.haulmont.cuba.core.sys.AbstractWebAppContextLoader.contextInitialized(AbstractWebAppContextLoader.java:56)
	at org.apache.catalina.core.StandardContext.listenerStart(StandardContext.java:5016)
	at org.apache.catalina.core.StandardContext.startInternal(StandardContext.java:5528)
	at org.apache.catalina.util.LifecycleBase.start(LifecycleBase.java:150)
	at org.apache.catalina.core.ContainerBase.addChildInternal(ContainerBase.java:901)
	at org.apache.catalina.core.ContainerBase.addChild(ContainerBase.java:877)
	at org.apache.catalina.core.StandardHost.addChild(StandardHost.java:652)
	at org.apache.catalina.startup.HostConfig.deployDirectory(HostConfig.java:1263)
	at org.apache.catalina.startup.HostConfig$DeployDirectory.run(HostConfig.java:1948)
	at java.util.concurrent.Executors$RunnableAdapter.call(Executors.java:511)
	at java.util.concurrent.FutureTask.run(FutureTask.java:266)
	at java.util.concurrent.ThreadPoolExecutor.runWorker(ThreadPoolExecutor.java:1142)
	at java.util.concurrent.ThreadPoolExecutor$Worker.run(ThreadPoolExecutor.java:617)
	at java.lang.Thread.run(Thread.java:748)
Caused by: org.springframework.beans.factory.BeanCreationException: Error creating bean with name 'tezistest_ExtSimpleDocService': Initialization of bean failed; nested exception is org.springframework.beans.TypeMismatchException: Failed to convert property value of type 'java.lang.String' to required type 'java.lang.Class' for property 'serviceInterface'; nested exception is java.lang.IllegalArgumentException: Cannot find class [com.company.tezistest.service.ExtSimpleDocService]
	at org.springframework.beans.factory.support.AbstractAutowireCapableBeanFactory.doCreateBean(AbstractAutowireCapableBeanFactory.java:529)
	at org.springframework.beans.factory.support.AbstractAutowireCapableBeanFactory.createBean(AbstractAutowireCapableBeanFactory.java:458)
	at org.springframework.beans.factory.support.AbstractBeanFactory$1.getObject(AbstractBeanFactory.java:293)
	at org.springframework.beans.factory.support.DefaultSingletonBeanRegistry.getSingleton(DefaultSingletonBeanRegistry.java:223)
	at org.springframework.beans.factory.support.AbstractBeanFactory.doGetBean(AbstractBeanFactory.java:290)
	at org.springframework.beans.factory.support.AbstractBeanFactory.getBean(AbstractBeanFactory.java:191)
	at org.springframework.beans.factory.support.DefaultListableBeanFactory.preInstantiateSingletons(DefaultListableBeanFactory.java:618)
	at org.springframework.context.support.AbstractApplicationContext.finishBeanFactoryInitialization(AbstractApplicationContext.java:934)
	at org.springframework.context.support.AbstractApplicationContext.refresh(AbstractApplicationContext.java:479)
	at com.haulmont.cuba.core.sys.AbstractAppContextLoader.initAppContext(AbstractAppContextLoader.java:47)
	at com.haulmont.cuba.core.sys.AbstractWebAppContextLoader.contextInitialized(AbstractWebAppContextLoader.java:49)
	... 13 more
Caused by: org.springframework.beans.TypeMismatchException: Failed to convert property value of type 'java.lang.String' to required type 'java.lang.Class' for property 'serviceInterface'; nested exception is java.lang.IllegalArgumentException: Cannot find class [com.company.tezistest.service.ExtSimpleDocService]
	at org.springframework.beans.BeanWrapperImpl.convertIfNecessary(BeanWrapperImpl.java:469)
	at org.springframework.beans.BeanWrapperImpl.convertForProperty(BeanWrapperImpl.java:495)
	at org.springframework.beans.BeanWrapperImpl.convertForProperty(BeanWrapperImpl.java:489)
	at org.springframework.beans.factory.support.AbstractAutowireCapableBeanFactory.convertForProperty(AbstractAutowireCapableBeanFactory.java:1465)
	at org.springframework.beans.factory.support.AbstractAutowireCapableBeanFactory.applyPropertyValues(AbstractAutowireCapableBeanFactory.java:1424)
	at org.springframework.beans.factory.support.AbstractAutowireCapableBeanFactory.populateBean(AbstractAutowireCapableBeanFactory.java:1160)
	at org.springframework.beans.factory.support.AbstractAutowireCapableBeanFactory.doCreateBean(AbstractAutowireCapableBeanFactory.java:519)
	... 23 more
Caused by: java.lang.IllegalArgumentException: Cannot find class [com.company.tezistest.service.ExtSimpleDocService]
	at org.springframework.util.ClassUtils.resolveClassName(ClassUtils.java:301)
	at org.springframework.beans.propertyeditors.ClassEditor.setAsText(ClassEditor.java:63)
	at org.springframework.beans.TypeConverterDelegate.doConvertTextValue(TypeConverterDelegate.java:455)
	at org.springframework.beans.TypeConverterDelegate.doConvertValue(TypeConverterDelegate.java:427)
	at org.springframework.beans.TypeConverterDelegate.convertIfNecessary(TypeConverterDelegate.java:181)
	at org.springframework.beans.BeanWrapperImpl.convertIfNecessary(BeanWrapperImpl.java:449)
	... 29 more
Caused by: java.lang.ClassNotFoundException: com.company.tezistest.service.ExtSimpleDocService
	at org.apache.catalina.loader.WebappClassLoader.loadClass(WebappClassLoader.java:1720)
	at org.apache.catalina.loader.WebappClassLoader.loadClass(WebappClassLoader.java:1571)
	at org.springframework.util.ClassUtils.forName(ClassUtils.java:265)
	at org.springframework.util.ClassUtils.resolveClassName(ClassUtils.java:298)
	... 34 more

ноя 09, 2017 3:15:03 PM org.apache.catalina.core.ApplicationContext log
INFO: Initializing AtmosphereFramework
ноя 09, 2017 3:15:03 PM org.apache.catalina.core.ApplicationContext log
INFO: No Spring WebApplicationInitializer types detected on classpath
ноя 09, 2017 3:15:35 PM org.apache.catalina.core.StandardContext listenerStart
SEVERE: Exception sending context initialized event to listener instance of class com.haulmont.thesis.core.sys.ThesisAppContextLoader
java.lang.RuntimeException: java.lang.NoClassDefFoundError: org/apache/openjpa/util/ObjectId
	at com.haulmont.cuba.core.sys.AbstractWebAppContextLoader.contextInitialized(AbstractWebAppContextLoader.java:56)
	at com.haulmont.thesis.core.sys.ThesisAppContextLoader.contextInitialized(ThesisAppContextLoader.java:37)
	at org.apache.catalina.core.StandardContext.listenerStart(StandardContext.java:5016)
	at org.apache.catalina.core.StandardContext.startInternal(StandardContext.java:5528)
	at org.apache.catalina.util.LifecycleBase.start(LifecycleBase.java:150)
	at org.apache.catalina.core.ContainerBase.addChildInternal(ContainerBase.java:901)
	at org.apache.catalina.core.ContainerBase.addChild(ContainerBase.java:877)
	at org.apache.catalina.core.StandardHost.addChild(StandardHost.java:652)
	at org.apache.catalina.startup.HostConfig.deployDirectory(HostConfig.java:1263)
	at org.apache.catalina.startup.HostConfig$DeployDirectory.run(HostConfig.java:1948)
	at java.util.concurrent.Executors$RunnableAdapter.call(Executors.java:511)
	at java.util.concurrent.FutureTask.run(FutureTask.java:266)
	at java.util.concurrent.ThreadPoolExecutor.runWorker(ThreadPoolExecutor.java:1142)
	at java.util.concurrent.ThreadPoolExecutor$Worker.run(ThreadPoolExecutor.java:617)
	at java.lang.Thread.run(Thread.java:748)
Caused by: java.lang.NoClassDefFoundError: org/apache/openjpa/util/ObjectId
	at com.haulmont.cuba.core.entity.BaseUuidEntity.pcNewObjectIdInstance(BaseUuidEntity.java)
	at org.apache.openjpa.enhance.PCRegistry.newObjectId(PCRegistry.java:140)
	at org.apache.openjpa.meta.MetaDataRepository.processRegisteredClass(MetaDataRepository.java:1731)
	at org.apache.openjpa.meta.MetaDataRepository.processRegisteredClasses(MetaDataRepository.java:1681)
	at org.apache.openjpa.meta.MetaDataRepository.getMetaData(MetaDataRepository.java:440)
	at org.apache.openjpa.kernel.jpql.JPQLExpressionBuilder.getClassMetaData(JPQLExpressionBuilder.java:176)
	at org.apache.openjpa.kernel.jpql.JPQLExpressionBuilder.resolveClassMetaData(JPQLExpressionBuilder.java:152)
	at org.apache.openjpa.kernel.jpql.JPQLExpressionBuilder.getCandidateMetaData(JPQLExpressionBuilder.java:242)
	at org.apache.openjpa.kernel.jpql.JPQLExpressionBuilder.getCandidateMetaData(JPQLExpressionBuilder.java:212)
	at org.apache.openjpa.kernel.jpql.JPQLExpressionBuilder.getCandidateType(JPQLExpressionBuilder.java:205)
	at org.apache.openjpa.kernel.jpql.JPQLExpressionBuilder.access$200(JPQLExpressionBuilder.java:80)
	at org.apache.openjpa.kernel.jpql.JPQLExpressionBuilder$ParsedJPQL.populate(JPQLExpressionBuilder.java:2428)
	at org.apache.openjpa.kernel.jpql.JPQLParser.populate(JPQLParser.java:61)
	at org.apache.openjpa.kernel.ExpressionStoreQuery.populateFromCompilation(ExpressionStoreQuery.java:162)
	at org.apache.openjpa.kernel.QueryImpl.newCompilation(QueryImpl.java:673)
	at org.apache.openjpa.kernel.QueryImpl.compilationFromCache(QueryImpl.java:654)
	at org.apache.openjpa.kernel.QueryImpl.compileForCompilation(QueryImpl.java:620)
	at org.apache.openjpa.kernel.QueryImpl.compileForExecutor(QueryImpl.java:682)
	at org.apache.openjpa.kernel.QueryImpl.compile(QueryImpl.java:589)
	at org.apache.openjpa.persistence.EntityManagerImpl.createQuery(EntityManagerImpl.java:997)
	at org.apache.openjpa.persistence.EntityManagerImpl.createQuery(EntityManagerImpl.java:979)
	at org.apache.openjpa.persistence.EntityManagerImpl.createQuery(EntityManagerImpl.java:975)
	at com.haulmont.cuba.core.sys.QueryImpl.getQuery(QueryImpl.java:82)
	at com.haulmont.cuba.core.sys.QueryImpl.getResultList(QueryImpl.java:151)
	at com.haulmont.thesis.core.app.DocflowDeployer.checkForFirstInit(DocflowDeployer.java:522)
	at com.haulmont.thesis.core.app.DocflowDeployer$2.applicationStarted(DocflowDeployer.java:509)
	at com.haulmont.cuba.core.sys.AppContext.startContext(AppContext.java:228)
	at com.haulmont.cuba.core.sys.AbstractWebAppContextLoader.contextInitialized(AbstractWebAppContextLoader.java:52)
	... 14 more
Caused by: java.lang.ClassNotFoundException: org.apache.openjpa.util.ObjectId
	at org.apache.catalina.loader.WebappClassLoader.loadClass(WebappClassLoader.java:1720)
	at org.apache.catalina.loader.WebappClassLoader.loadClass(WebappClassLoader.java:1571)
	... 42 more

ноя 09, 2017 3:15:36 PM org.apache.catalina.core.ApplicationContext log
INFO: Initializing AtmosphereFramework
ноя 09, 2017 3:15:36 PM org.apache.catalina.core.ApplicationContext log
INFO: No Spring WebApplicationInitializer types detected on classpath
ноя 09, 2017 3:15:50 PM org.apache.catalina.core.ApplicationContext log
INFO: Initializing AtmosphereFramework
ноя 09, 2017 3:15:50 PM org.apache.catalina.core.ApplicationContext log
INFO: No Spring WebApplicationInitializer types detected on classpath
ноя 09, 2017 3:15:57 PM org.apache.catalina.core.ApplicationContext log
INFO: Initializing Spring root WebApplicationContext
ноя 09, 2017 3:15:59 PM org.apache.catalina.core.ApplicationContext log
INFO: Initializing Spring FrameworkServlet 'old-reminder-update-ws'
ноя 09, 2017 3:16:01 PM org.apache.catalina.core.ApplicationContext log
INFO: Initializing Spring FrameworkServlet 'spring-ws'
ноя 09, 2017 3:16:05 PM org.apache.catalina.core.ApplicationContext log
INFO: Initializing AtmosphereFramework
ноя 09, 2017 3:16:06 PM org.apache.catalina.core.ApplicationContext log
INFO: No Spring WebApplicationInitializer types detected on classpath
ноя 09, 2017 3:19:29 PM org.apache.catalina.core.ApplicationContext log
INFO: Initializing AtmosphereFramework
ноя 09, 2017 3:19:30 PM org.apache.catalina.core.ApplicationContext log
INFO: No Spring WebApplicationInitializer types detected on classpath
ноя 09, 2017 3:19:40 PM org.apache.catalina.core.ApplicationContext log
INFO: Initializing Spring FrameworkServlet 'dispatcher'
ноя 09, 2017 3:19:43 PM org.apache.catalina.core.ApplicationContext log
INFO: Initializing AtmosphereFramework
ноя 09, 2017 3:19:43 PM org.apache.catalina.core.ApplicationContext log
INFO: No Spring WebApplicationInitializer types detected on classpath
ноя 09, 2017 3:20:16 PM org.apache.catalina.core.ApplicationContext log
INFO: Initializing Spring FrameworkServlet 'remoting'
ноя 09, 2017 3:20:18 PM org.apache.catalina.core.ApplicationContext log
INFO: Initializing AtmosphereFramework
ноя 09, 2017 3:20:18 PM org.apache.catalina.core.ApplicationContext log
INFO: No Spring WebApplicationInitializer types detected on classpath
ноя 09, 2017 3:20:24 PM org.apache.catalina.core.ApplicationContext log
INFO: Initializing AtmosphereFramework
ноя 09, 2017 3:20:24 PM org.apache.catalina.core.ApplicationContext log
INFO: No Spring WebApplicationInitializer types detected on classpath
ноя 09, 2017 3:20:27 PM org.apache.catalina.core.ApplicationContext log
INFO: Initializing Spring root WebApplicationContext
ноя 09, 2017 3:20:27 PM org.apache.catalina.core.ApplicationContext log
INFO: Initializing Spring FrameworkServlet 'old-reminder-update-ws'
ноя 09, 2017 3:20:28 PM org.apache.catalina.core.ApplicationContext log
INFO: Initializing Spring FrameworkServlet 'spring-ws'
ноя 09, 2017 3:20:30 PM org.apache.catalina.core.ApplicationContext log
INFO: Initializing AtmosphereFramework
ноя 09, 2017 3:20:30 PM org.apache.catalina.core.ApplicationContext log
INFO: No Spring WebApplicationInitializer types detected on classpath
ноя 09, 2017 3:26:42 PM org.apache.catalina.core.ApplicationContext log
INFO: Initializing AtmosphereFramework
ноя 09, 2017 3:26:43 PM org.apache.catalina.core.ApplicationContext log
INFO: No Spring WebApplicationInitializer types detected on classpath
ноя 09, 2017 3:26:55 PM org.apache.catalina.core.ApplicationContext log
INFO: Initializing Spring FrameworkServlet 'dispatcher'
ноя 09, 2017 3:26:57 PM org.apache.catalina.core.ApplicationContext log
INFO: Initializing AtmosphereFramework
ноя 09, 2017 3:26:57 PM org.apache.catalina.core.ApplicationContext log
INFO: No Spring WebApplicationInitializer types detected on classpath
ноя 09, 2017 3:27:34 PM org.apache.catalina.core.ApplicationContext log
INFO: Initializing Spring FrameworkServlet 'remoting'
ноя 09, 2017 3:27:35 PM org.apache.catalina.core.ApplicationContext log
INFO: Initializing AtmosphereFramework
ноя 09, 2017 3:27:35 PM org.apache.catalina.core.ApplicationContext log
INFO: No Spring WebApplicationInitializer types detected on classpath
ноя 09, 2017 3:27:42 PM org.apache.catalina.core.ApplicationContext log
INFO: Initializing AtmosphereFramework
ноя 09, 2017 3:27:42 PM org.apache.catalina.core.ApplicationContext log
INFO: No Spring WebApplicationInitializer types detected on classpath
ноя 09, 2017 3:27:44 PM org.apache.catalina.core.ApplicationContext log
INFO: Initializing Spring root WebApplicationContext
ноя 09, 2017 3:27:45 PM org.apache.catalina.core.ApplicationContext log
INFO: Initializing Spring FrameworkServlet 'old-reminder-update-ws'
ноя 09, 2017 3:27:45 PM org.apache.catalina.core.ApplicationContext log
INFO: Initializing Spring FrameworkServlet 'spring-ws'
ноя 09, 2017 3:27:46 PM org.apache.catalina.core.ApplicationContext log
INFO: Initializing AtmosphereFramework
ноя 09, 2017 3:27:46 PM org.apache.catalina.core.ApplicationContext log
INFO: No Spring WebApplicationInitializer types detected on classpath
ноя 09, 2017 3:31:38 PM org.apache.catalina.core.ApplicationContext log
INFO: Initializing AtmosphereFramework
ноя 09, 2017 3:31:39 PM org.apache.catalina.core.ApplicationContext log
INFO: No Spring WebApplicationInitializer types detected on classpath
ноя 09, 2017 3:31:49 PM org.apache.catalina.core.ApplicationContext log
INFO: Initializing Spring FrameworkServlet 'dispatcher'
ноя 09, 2017 3:31:52 PM org.apache.catalina.core.ApplicationContext log
INFO: Initializing AtmosphereFramework
ноя 09, 2017 3:31:52 PM org.apache.catalina.core.ApplicationContext log
INFO: No Spring WebApplicationInitializer types detected on classpath
ноя 09, 2017 3:32:25 PM org.apache.catalina.core.ApplicationContext log
INFO: Initializing Spring FrameworkServlet 'remoting'
ноя 09, 2017 3:32:27 PM org.apache.catalina.core.ApplicationContext log
INFO: Initializing AtmosphereFramework
ноя 09, 2017 3:32:27 PM org.apache.catalina.core.ApplicationContext log
INFO: No Spring WebApplicationInitializer types detected on classpath
ноя 09, 2017 3:32:34 PM org.apache.catalina.core.ApplicationContext log
INFO: Initializing AtmosphereFramework
ноя 09, 2017 3:32:34 PM org.apache.catalina.core.ApplicationContext log
INFO: No Spring WebApplicationInitializer types detected on classpath
ноя 09, 2017 3:32:37 PM org.apache.catalina.core.ApplicationContext log
INFO: Initializing Spring root WebApplicationContext
ноя 09, 2017 3:32:37 PM org.apache.catalina.core.ApplicationContext log
INFO: Initializing Spring FrameworkServlet 'old-reminder-update-ws'
ноя 09, 2017 3:32:38 PM org.apache.catalina.core.ApplicationContext log
INFO: Initializing Spring FrameworkServlet 'spring-ws'
ноя 09, 2017 3:32:39 PM org.apache.catalina.core.ApplicationContext log
INFO: Initializing AtmosphereFramework
ноя 09, 2017 3:32:39 PM org.apache.catalina.core.ApplicationContext log
INFO: No Spring WebApplicationInitializer types detected on classpath
ноя 09, 2017 5:09:51 PM org.apache.catalina.core.ApplicationContext log
INFO: Initializing AtmosphereFramework
ноя 09, 2017 5:09:52 PM org.apache.catalina.core.ApplicationContext log
INFO: No Spring WebApplicationInitializer types detected on classpath
ноя 09, 2017 5:10:05 PM org.apache.catalina.core.ApplicationContext log
INFO: Initializing Spring FrameworkServlet 'dispatcher'
ноя 09, 2017 5:10:08 PM org.apache.catalina.core.ApplicationContext log
INFO: Initializing AtmosphereFramework
ноя 09, 2017 5:10:08 PM org.apache.catalina.core.ApplicationContext log
INFO: No Spring WebApplicationInitializer types detected on classpath
ноя 09, 2017 5:10:45 PM org.apache.catalina.core.ApplicationContext log
INFO: Initializing Spring FrameworkServlet 'remoting'
ноя 09, 2017 5:14:39 PM org.apache.catalina.core.ApplicationContext log
INFO: Initializing AtmosphereFramework
ноя 09, 2017 5:14:40 PM org.apache.catalina.core.ApplicationContext log
INFO: No Spring WebApplicationInitializer types detected on classpath
ноя 09, 2017 5:14:51 PM org.apache.catalina.core.ApplicationContext log
INFO: Initializing Spring FrameworkServlet 'dispatcher'
ноя 09, 2017 5:14:53 PM org.apache.catalina.core.ApplicationContext log
INFO: Initializing AtmosphereFramework
ноя 09, 2017 5:14:53 PM org.apache.catalina.core.ApplicationContext log
INFO: No Spring WebApplicationInitializer types detected on classpath
ноя 09, 2017 5:15:27 PM org.apache.catalina.core.ApplicationContext log
INFO: Initializing Spring FrameworkServlet 'remoting'
ноя 09, 2017 5:15:28 PM org.apache.catalina.core.ApplicationContext log
INFO: Initializing AtmosphereFramework
ноя 09, 2017 5:15:28 PM org.apache.catalina.core.ApplicationContext log
INFO: No Spring WebApplicationInitializer types detected on classpath
ноя 09, 2017 5:15:36 PM org.apache.catalina.core.ApplicationContext log
INFO: Initializing AtmosphereFramework
ноя 09, 2017 5:15:36 PM org.apache.catalina.core.ApplicationContext log
INFO: No Spring WebApplicationInitializer types detected on classpath
ноя 09, 2017 5:15:39 PM org.apache.catalina.core.ApplicationContext log
INFO: Initializing Spring root WebApplicationContext
ноя 09, 2017 5:15:39 PM org.apache.catalina.core.ApplicationContext log
INFO: Initializing Spring FrameworkServlet 'old-reminder-update-ws'
ноя 09, 2017 5:15:39 PM org.apache.catalina.core.ApplicationContext log
INFO: Initializing Spring FrameworkServlet 'spring-ws'
ноя 09, 2017 5:15:41 PM org.apache.catalina.core.ApplicationContext log
INFO: Initializing AtmosphereFramework
ноя 09, 2017 5:15:41 PM org.apache.catalina.core.ApplicationContext log
INFO: No Spring WebApplicationInitializer types detected on classpath
ноя 09, 2017 5:26:04 PM org.apache.catalina.core.ApplicationContext log
INFO: Initializing AtmosphereFramework
ноя 09, 2017 5:26:05 PM org.apache.catalina.core.ApplicationContext log
INFO: No Spring WebApplicationInitializer types detected on classpath
ноя 09, 2017 5:26:18 PM org.apache.catalina.core.ApplicationContext log
INFO: Initializing Spring FrameworkServlet 'dispatcher'
ноя 09, 2017 5:26:21 PM org.apache.catalina.core.ApplicationContext log
INFO: Initializing AtmosphereFramework
ноя 09, 2017 5:26:21 PM org.apache.catalina.core.ApplicationContext log
INFO: No Spring WebApplicationInitializer types detected on classpath
ноя 09, 2017 5:27:02 PM org.apache.catalina.core.ApplicationContext log
INFO: Initializing Spring FrameworkServlet 'remoting'
ноя 09, 2017 5:27:04 PM org.apache.catalina.core.ApplicationContext log
INFO: Initializing AtmosphereFramework
ноя 09, 2017 5:27:04 PM org.apache.catalina.core.ApplicationContext log
INFO: No Spring WebApplicationInitializer types detected on classpath
ноя 09, 2017 5:27:10 PM org.apache.catalina.core.ApplicationContext log
INFO: Initializing AtmosphereFramework
ноя 09, 2017 5:27:10 PM org.apache.catalina.core.ApplicationContext log
INFO: No Spring WebApplicationInitializer types detected on classpath
ноя 09, 2017 5:27:13 PM org.apache.catalina.core.ApplicationContext log
INFO: Initializing Spring root WebApplicationContext
ноя 09, 2017 5:27:13 PM org.apache.catalina.core.ApplicationContext log
INFO: Initializing Spring FrameworkServlet 'old-reminder-update-ws'
ноя 09, 2017 5:27:14 PM org.apache.catalina.core.ApplicationContext log
INFO: Initializing Spring FrameworkServlet 'spring-ws'
ноя 09, 2017 5:27:15 PM org.apache.catalina.core.ApplicationContext log
INFO: Initializing AtmosphereFramework
ноя 09, 2017 5:27:15 PM org.apache.catalina.core.ApplicationContext log
INFO: No Spring WebApplicationInitializer types detected on classpath
ноя 09, 2017 5:49:10 PM org.apache.catalina.core.ApplicationContext log
INFO: Destroying Spring FrameworkServlet 'dispatcher'
ноя 09, 2017 5:49:10 PM org.apache.catalina.core.ApplicationContext log
INFO: Destroying Spring FrameworkServlet 'remoting'
ноя 09, 2017 5:49:10 PM org.apache.catalina.core.ApplicationContext log
INFO: Destroying Spring FrameworkServlet 'old-reminder-update-ws'
ноя 09, 2017 5:49:10 PM org.apache.catalina.core.ApplicationContext log
INFO: Destroying Spring FrameworkServlet 'spring-ws'
ноя 09, 2017 5:49:10 PM org.apache.catalina.core.ApplicationContext log
INFO: Closing Spring root WebApplicationContext
ноя 09, 2017 5:51:33 PM org.apache.catalina.core.ApplicationContext log
INFO: Initializing AtmosphereFramework
ноя 09, 2017 5:51:34 PM org.apache.catalina.core.ApplicationContext log
INFO: No Spring WebApplicationInitializer types detected on classpath
ноя 09, 2017 5:51:45 PM org.apache.catalina.core.ApplicationContext log
INFO: Initializing Spring FrameworkServlet 'dispatcher'
ноя 09, 2017 5:51:48 PM org.apache.catalina.core.ApplicationContext log
INFO: Initializing AtmosphereFramework
ноя 09, 2017 5:51:48 PM org.apache.catalina.core.ApplicationContext log
INFO: No Spring WebApplicationInitializer types detected on classpath
ноя 09, 2017 5:52:22 PM org.apache.catalina.core.ApplicationContext log
INFO: Initializing Spring FrameworkServlet 'remoting'
ноя 09, 2017 5:52:23 PM org.apache.catalina.core.ApplicationContext log
INFO: Initializing AtmosphereFramework
ноя 09, 2017 5:52:23 PM org.apache.catalina.core.ApplicationContext log
INFO: No Spring WebApplicationInitializer types detected on classpath
ноя 09, 2017 5:52:28 PM org.apache.catalina.core.ApplicationContext log
INFO: Initializing AtmosphereFramework
ноя 09, 2017 5:52:28 PM org.apache.catalina.core.ApplicationContext log
INFO: No Spring WebApplicationInitializer types detected on classpath
ноя 09, 2017 5:52:31 PM org.apache.catalina.core.ApplicationContext log
INFO: Initializing Spring root WebApplicationContext
ноя 09, 2017 5:52:31 PM org.apache.catalina.core.ApplicationContext log
INFO: Initializing Spring FrameworkServlet 'old-reminder-update-ws'
ноя 09, 2017 5:52:32 PM org.apache.catalina.core.ApplicationContext log
INFO: Initializing Spring FrameworkServlet 'spring-ws'
ноя 09, 2017 5:52:34 PM org.apache.catalina.core.ApplicationContext log
INFO: Initializing AtmosphereFramework
ноя 09, 2017 5:52:34 PM org.apache.catalina.core.ApplicationContext log
INFO: No Spring WebApplicationInitializer types detected on classpath
ноя 09, 2017 5:56:59 PM org.apache.catalina.core.ApplicationContext log
INFO: Destroying Spring FrameworkServlet 'dispatcher'
ноя 09, 2017 5:57:00 PM org.apache.catalina.core.ApplicationContext log
INFO: Destroying Spring FrameworkServlet 'remoting'
ноя 09, 2017 5:57:00 PM org.apache.catalina.core.ApplicationContext log
INFO: Destroying Spring FrameworkServlet 'old-reminder-update-ws'
ноя 09, 2017 5:57:00 PM org.apache.catalina.core.ApplicationContext log
INFO: Destroying Spring FrameworkServlet 'spring-ws'
ноя 09, 2017 5:57:00 PM org.apache.catalina.core.ApplicationContext log
INFO: Closing Spring root WebApplicationContext
ноя 09, 2017 5:58:27 PM org.apache.catalina.core.ApplicationContext log
INFO: Initializing AtmosphereFramework
ноя 09, 2017 5:58:28 PM org.apache.catalina.core.ApplicationContext log
INFO: No Spring WebApplicationInitializer types detected on classpath
ноя 09, 2017 5:58:39 PM org.apache.catalina.core.ApplicationContext log
INFO: Initializing Spring FrameworkServlet 'dispatcher'
ноя 09, 2017 5:58:41 PM org.apache.catalina.core.ApplicationContext log
INFO: Initializing AtmosphereFramework
ноя 09, 2017 5:58:41 PM org.apache.catalina.core.ApplicationContext log
INFO: No Spring WebApplicationInitializer types detected on classpath
ноя 09, 2017 5:59:15 PM org.apache.catalina.core.ApplicationContext log
INFO: Initializing Spring FrameworkServlet 'remoting'
ноя 09, 2017 5:59:17 PM org.apache.catalina.core.ApplicationContext log
INFO: Initializing AtmosphereFramework
ноя 09, 2017 5:59:17 PM org.apache.catalina.core.ApplicationContext log
INFO: No Spring WebApplicationInitializer types detected on classpath
ноя 09, 2017 5:59:22 PM org.apache.catalina.core.ApplicationContext log
INFO: Initializing AtmosphereFramework
ноя 09, 2017 5:59:22 PM org.apache.catalina.core.ApplicationContext log
INFO: No Spring WebApplicationInitializer types detected on classpath
ноя 09, 2017 5:59:24 PM org.apache.catalina.core.ApplicationContext log
INFO: Initializing Spring root WebApplicationContext
ноя 09, 2017 5:59:25 PM org.apache.catalina.core.ApplicationContext log
INFO: Initializing Spring FrameworkServlet 'old-reminder-update-ws'
ноя 09, 2017 5:59:25 PM org.apache.catalina.core.ApplicationContext log
INFO: Initializing Spring FrameworkServlet 'spring-ws'
ноя 09, 2017 5:59:27 PM org.apache.catalina.core.ApplicationContext log
INFO: Initializing AtmosphereFramework
ноя 09, 2017 5:59:27 PM org.apache.catalina.core.ApplicationContext log
INFO: No Spring WebApplicationInitializer types detected on classpath
ноя 09, 2017 6:19:02 PM org.apache.catalina.core.ApplicationContext log
INFO: Destroying Spring FrameworkServlet 'dispatcher'
ноя 09, 2017 6:19:03 PM org.apache.catalina.core.ApplicationContext log
INFO: Destroying Spring FrameworkServlet 'remoting'
ноя 09, 2017 6:19:03 PM org.apache.catalina.core.ApplicationContext log
INFO: Destroying Spring FrameworkServlet 'old-reminder-update-ws'
ноя 09, 2017 6:19:03 PM org.apache.catalina.core.ApplicationContext log
INFO: Destroying Spring FrameworkServlet 'spring-ws'
ноя 09, 2017 6:19:03 PM org.apache.catalina.core.ApplicationContext log
INFO: Closing Spring root WebApplicationContext
ноя 09, 2017 6:20:50 PM org.apache.catalina.core.ApplicationContext log
INFO: Initializing AtmosphereFramework
ноя 09, 2017 6:20:51 PM org.apache.catalina.core.ApplicationContext log
INFO: No Spring WebApplicationInitializer types detected on classpath
ноя 09, 2017 6:21:05 PM org.apache.catalina.core.ApplicationContext log
INFO: Initializing Spring FrameworkServlet 'dispatcher'
ноя 09, 2017 6:21:08 PM org.apache.catalina.core.ApplicationContext log
INFO: Initializing AtmosphereFramework
ноя 09, 2017 6:21:08 PM org.apache.catalina.core.ApplicationContext log
INFO: No Spring WebApplicationInitializer types detected on classpath
ноя 09, 2017 6:21:51 PM org.apache.catalina.core.ApplicationContext log
INFO: Initializing Spring FrameworkServlet 'remoting'
ноя 09, 2017 6:21:52 PM org.apache.catalina.core.ApplicationContext log
INFO: Initializing AtmosphereFramework
ноя 09, 2017 6:21:52 PM org.apache.catalina.core.ApplicationContext log
INFO: No Spring WebApplicationInitializer types detected on classpath
ноя 09, 2017 6:21:59 PM org.apache.catalina.core.ApplicationContext log
INFO: Initializing AtmosphereFramework
ноя 09, 2017 6:21:59 PM org.apache.catalina.core.ApplicationContext log
INFO: No Spring WebApplicationInitializer types detected on classpath
ноя 09, 2017 6:22:03 PM org.apache.catalina.core.ApplicationContext log
INFO: Initializing Spring root WebApplicationContext
ноя 09, 2017 6:22:03 PM org.apache.catalina.core.ApplicationContext log
INFO: Initializing Spring FrameworkServlet 'old-reminder-update-ws'
ноя 09, 2017 6:22:04 PM org.apache.catalina.core.ApplicationContext log
INFO: Initializing Spring FrameworkServlet 'spring-ws'
ноя 09, 2017 6:22:05 PM org.apache.catalina.core.ApplicationContext log
INFO: Initializing AtmosphereFramework
ноя 09, 2017 6:22:05 PM org.apache.catalina.core.ApplicationContext log
INFO: No Spring WebApplicationInitializer types detected on classpath
ноя 09, 2017 6:22:18 PM org.apache.catalina.core.ApplicationContext log
INFO: Destroying Spring FrameworkServlet 'dispatcher'
ноя 09, 2017 6:22:18 PM org.apache.catalina.core.ApplicationContext log
INFO: Initializing AtmosphereFramework
ноя 09, 2017 6:22:18 PM org.apache.catalina.core.ApplicationContext log
INFO: No Spring WebApplicationInitializer types detected on classpath
ноя 09, 2017 6:22:27 PM org.apache.catalina.core.ApplicationContext log
INFO: Initializing Spring FrameworkServlet 'dispatcher'
