ноя 08, 2017 6:31:25 PM org.apache.catalina.core.ApplicationContext log
INFO: Initializing AtmosphereFramework
ноя 08, 2017 6:31:26 PM org.apache.catalina.core.ApplicationContext log
INFO: No Spring WebApplicationInitializer types detected on classpath
ноя 08, 2017 6:32:11 PM org.apache.catalina.core.ApplicationContext log
INFO: Initializing Spring FrameworkServlet 'remoting'
ноя 08, 2017 6:32:14 PM org.apache.catalina.core.ApplicationContext log
INFO: Initializing AtmosphereFramework
ноя 08, 2017 6:32:14 PM org.apache.catalina.core.ApplicationContext log
INFO: No Spring WebApplicationInitializer types detected on classpath
ноя 08, 2017 6:32:21 PM org.apache.catalina.core.ApplicationContext log
INFO: Initializing AtmosphereFramework
ноя 08, 2017 6:32:21 PM org.apache.catalina.core.ApplicationContext log
INFO: No Spring WebApplicationInitializer types detected on classpath
ноя 08, 2017 6:32:24 PM org.apache.catalina.core.ApplicationContext log
INFO: Initializing Spring root WebApplicationContext
ноя 08, 2017 6:32:24 PM org.apache.catalina.core.ApplicationContext log
INFO: Initializing Spring FrameworkServlet 'old-reminder-update-ws'
ноя 08, 2017 6:32:25 PM org.apache.catalina.core.ApplicationContext log
INFO: Initializing Spring FrameworkServlet 'spring-ws'
ноя 08, 2017 6:32:26 PM org.apache.catalina.core.ApplicationContext log
INFO: Initializing AtmosphereFramework
ноя 08, 2017 6:32:26 PM org.apache.catalina.core.ApplicationContext log
INFO: No Spring WebApplicationInitializer types detected on classpath
ноя 08, 2017 6:32:36 PM org.apache.catalina.core.ApplicationContext log
INFO: Initializing AtmosphereFramework
ноя 08, 2017 6:32:36 PM org.apache.catalina.core.ApplicationContext log
INFO: No Spring WebApplicationInitializer types detected on classpath
ноя 08, 2017 6:32:42 PM org.apache.catalina.core.StandardContext listenerStart
SEVERE: Exception sending context initialized event to listener instance of class com.haulmont.cuba.web.sys.WebAppContextLoader
java.lang.RuntimeException: org.springframework.beans.factory.BeanCreationException: Error creating bean with name 'cuba_NumberIdSource': Injection of autowired dependencies failed; nested exception is org.springframework.beans.factory.BeanCreationException: Could not autowire field: protected com.haulmont.cuba.core.app.NumberIdService com.haulmont.cuba.client.sys.NumberIdSourceClientImpl.service; nested exception is org.springframework.beans.factory.CannotLoadBeanClassException: Error loading class [com.haulmont.cuba.web.sys.CubaBootstrapListener] for bean with name 'cuba_BootstrapListener' defined in URL [jar:file:/D:/Altarix/tezis-sandbox/deploy/tomcat/webapps/app/WEB-INF/lib/cuba-web-5.8.1.jar!/com/haulmont/cuba/web/sys/CubaBootstrapListener.class]: problem with class file or dependent class; nested exception is java.lang.NoClassDefFoundError: com/vaadin/server/BootstrapListener
	at com.haulmont.cuba.core.sys.AbstractWebAppContextLoader.contextInitialized(AbstractWebAppContextLoader.java:56)
	at org.apache.catalina.core.StandardContext.listenerStart(StandardContext.java:5016)
	at org.apache.catalina.core.StandardContext.startInternal(StandardContext.java:5528)
	at org.apache.catalina.util.LifecycleBase.start(LifecycleBase.java:150)
	at org.apache.catalina.core.ContainerBase.addChildInternal(ContainerBase.java:901)
	at org.apache.catalina.core.ContainerBase.addChild(ContainerBase.java:877)
	at org.apache.catalina.core.StandardHost.addChild(StandardHost.java:652)
	at org.apache.catalina.startup.HostConfig.deployDirectory(HostConfig.java:1263)
	at org.apache.catalina.startup.HostConfig$DeployDirectory.run(HostConfig.java:1948)
	at java.util.concurrent.Executors$RunnableAdapter.call(Executors.java:511)
	at java.util.concurrent.FutureTask.run(FutureTask.java:266)
	at java.util.concurrent.ThreadPoolExecutor.runWorker(ThreadPoolExecutor.java:1142)
	at java.util.concurrent.ThreadPoolExecutor$Worker.run(ThreadPoolExecutor.java:617)
	at java.lang.Thread.run(Thread.java:748)
Caused by: org.springframework.beans.factory.BeanCreationException: Error creating bean with name 'cuba_NumberIdSource': Injection of autowired dependencies failed; nested exception is org.springframework.beans.factory.BeanCreationException: Could not autowire field: protected com.haulmont.cuba.core.app.NumberIdService com.haulmont.cuba.client.sys.NumberIdSourceClientImpl.service; nested exception is org.springframework.beans.factory.CannotLoadBeanClassException: Error loading class [com.haulmont.cuba.web.sys.CubaBootstrapListener] for bean with name 'cuba_BootstrapListener' defined in URL [jar:file:/D:/Altarix/tezis-sandbox/deploy/tomcat/webapps/app/WEB-INF/lib/cuba-web-5.8.1.jar!/com/haulmont/cuba/web/sys/CubaBootstrapListener.class]: problem with class file or dependent class; nested exception is java.lang.NoClassDefFoundError: com/vaadin/server/BootstrapListener
	at org.springframework.beans.factory.annotation.AutowiredAnnotationBeanPostProcessor.postProcessPropertyValues(AutowiredAnnotationBeanPostProcessor.java:298)
	at org.springframework.beans.factory.support.AbstractAutowireCapableBeanFactory.populateBean(AbstractAutowireCapableBeanFactory.java:1148)
	at org.springframework.beans.factory.support.AbstractAutowireCapableBeanFactory.doCreateBean(AbstractAutowireCapableBeanFactory.java:519)
	at org.springframework.beans.factory.support.AbstractAutowireCapableBeanFactory.createBean(AbstractAutowireCapableBeanFactory.java:458)
	at org.springframework.beans.factory.support.AbstractBeanFactory$1.getObject(AbstractBeanFactory.java:293)
	at org.springframework.beans.factory.support.DefaultSingletonBeanRegistry.getSingleton(DefaultSingletonBeanRegistry.java:223)
	at org.springframework.beans.factory.support.AbstractBeanFactory.doGetBean(AbstractBeanFactory.java:290)
	at org.springframework.beans.factory.support.AbstractBeanFactory.getBean(AbstractBeanFactory.java:191)
	at org.springframework.beans.factory.support.DefaultListableBeanFactory.preInstantiateSingletons(DefaultListableBeanFactory.java:636)
	at org.springframework.context.support.AbstractApplicationContext.finishBeanFactoryInitialization(AbstractApplicationContext.java:934)
	at org.springframework.context.support.AbstractApplicationContext.refresh(AbstractApplicationContext.java:479)
	at com.haulmont.cuba.core.sys.AbstractAppContextLoader.initAppContext(AbstractAppContextLoader.java:47)
	at com.haulmont.cuba.core.sys.AbstractWebAppContextLoader.contextInitialized(AbstractWebAppContextLoader.java:49)
	... 13 more
Caused by: org.springframework.beans.factory.BeanCreationException: Could not autowire field: protected com.haulmont.cuba.core.app.NumberIdService com.haulmont.cuba.client.sys.NumberIdSourceClientImpl.service; nested exception is org.springframework.beans.factory.CannotLoadBeanClassException: Error loading class [com.haulmont.cuba.web.sys.CubaBootstrapListener] for bean with name 'cuba_BootstrapListener' defined in URL [jar:file:/D:/Altarix/tezis-sandbox/deploy/tomcat/webapps/app/WEB-INF/lib/cuba-web-5.8.1.jar!/com/haulmont/cuba/web/sys/CubaBootstrapListener.class]: problem with class file or dependent class; nested exception is java.lang.NoClassDefFoundError: com/vaadin/server/BootstrapListener
	at org.springframework.beans.factory.annotation.AutowiredAnnotationBeanPostProcessor$AutowiredFieldElement.inject(AutowiredAnnotationBeanPostProcessor.java:531)
	at org.springframework.beans.factory.annotation.InjectionMetadata.inject(InjectionMetadata.java:88)
	at org.springframework.beans.factory.annotation.AutowiredAnnotationBeanPostProcessor.postProcessPropertyValues(AutowiredAnnotationBeanPostProcessor.java:295)
	... 25 more
Caused by: org.springframework.beans.factory.CannotLoadBeanClassException: Error loading class [com.haulmont.cuba.web.sys.CubaBootstrapListener] for bean with name 'cuba_BootstrapListener' defined in URL [jar:file:/D:/Altarix/tezis-sandbox/deploy/tomcat/webapps/app/WEB-INF/lib/cuba-web-5.8.1.jar!/com/haulmont/cuba/web/sys/CubaBootstrapListener.class]: problem with class file or dependent class; nested exception is java.lang.NoClassDefFoundError: com/vaadin/server/BootstrapListener
	at org.springframework.beans.factory.support.AbstractBeanFactory.resolveBeanClass(AbstractBeanFactory.java:1281)
	at org.springframework.beans.factory.support.AbstractAutowireCapableBeanFactory.predictBeanType(AbstractAutowireCapableBeanFactory.java:575)
	at org.springframework.beans.factory.support.AbstractBeanFactory.isFactoryBean(AbstractBeanFactory.java:1347)
	at org.springframework.beans.factory.support.DefaultListableBeanFactory.doGetBeanNamesForType(DefaultListableBeanFactory.java:358)
	at org.springframework.beans.factory.support.DefaultListableBeanFactory.getBeanNamesForType(DefaultListableBeanFactory.java:335)
	at org.springframework.beans.factory.BeanFactoryUtils.beanNamesForTypeIncludingAncestors(BeanFactoryUtils.java:187)
	at org.springframework.beans.factory.support.DefaultListableBeanFactory.findAutowireCandidates(DefaultListableBeanFactory.java:906)
	at org.springframework.beans.factory.support.DefaultListableBeanFactory.doResolveDependency(DefaultListableBeanFactory.java:864)
	at org.springframework.beans.factory.support.DefaultListableBeanFactory.resolveDependency(DefaultListableBeanFactory.java:779)
	at com.haulmont.cuba.core.sys.CubaDefaultListableBeanFactory.resolveDependency(CubaDefaultListableBeanFactory.java:43)
	at org.springframework.beans.factory.annotation.AutowiredAnnotationBeanPostProcessor$AutowiredFieldElement.inject(AutowiredAnnotationBeanPostProcessor.java:503)
	... 27 more
Caused by: java.lang.NoClassDefFoundError: com/vaadin/server/BootstrapListener
	at java.lang.ClassLoader.defineClass1(Native Method)
	at java.lang.ClassLoader.defineClass(ClassLoader.java:763)
	at java.security.SecureClassLoader.defineClass(SecureClassLoader.java:142)
	at org.apache.catalina.loader.WebappClassLoader.findClassInternal(WebappClassLoader.java:2957)
	at org.apache.catalina.loader.WebappClassLoader.findClass(WebappClassLoader.java:1210)
	at org.apache.catalina.loader.WebappClassLoader.loadClass(WebappClassLoader.java:1690)
	at org.apache.catalina.loader.WebappClassLoader.loadClass(WebappClassLoader.java:1571)
	at org.springframework.util.ClassUtils.forName(ClassUtils.java:265)
	at org.springframework.beans.factory.support.AbstractBeanDefinition.resolveBeanClass(AbstractBeanDefinition.java:419)
	at org.springframework.beans.factory.support.AbstractBeanFactory.doResolveBeanClass(AbstractBeanFactory.java:1299)
	at org.springframework.beans.factory.support.AbstractBeanFactory.resolveBeanClass(AbstractBeanFactory.java:1270)
	... 37 more
Caused by: java.lang.ClassNotFoundException: com.vaadin.server.BootstrapListener
	at org.apache.catalina.loader.WebappClassLoader.loadClass(WebappClassLoader.java:1720)
	at org.apache.catalina.loader.WebappClassLoader.loadClass(WebappClassLoader.java:1571)
	... 48 more

ноя 08, 2017 6:36:55 PM org.apache.catalina.core.ApplicationContext log
INFO: Initializing AtmosphereFramework
ноя 08, 2017 6:36:56 PM org.apache.catalina.core.ApplicationContext log
INFO: No Spring WebApplicationInitializer types detected on classpath
ноя 08, 2017 6:37:05 PM org.apache.catalina.core.StandardContext listenerStart
SEVERE: Exception sending context initialized event to listener instance of class com.haulmont.cuba.web.sys.WebAppContextLoader
java.lang.RuntimeException: org.springframework.beans.factory.BeanCreationException: Error creating bean with name 'cuba_NumberIdSource': Injection of autowired dependencies failed; nested exception is org.springframework.beans.factory.BeanCreationException: Could not autowire field: protected com.haulmont.cuba.core.app.NumberIdService com.haulmont.cuba.client.sys.NumberIdSourceClientImpl.service; nested exception is org.springframework.beans.factory.CannotLoadBeanClassException: Cannot find class [com.haulmont.cuba.portal.sys.remoting.WebRemoteProxyBeanCreator] for bean with name 'tezistest_proxyCreator' defined in class path resource [web-spring.xml]; nested exception is java.lang.ClassNotFoundException: com.haulmont.cuba.portal.sys.remoting.WebRemoteProxyBeanCreator
	at com.haulmont.cuba.core.sys.AbstractWebAppContextLoader.contextInitialized(AbstractWebAppContextLoader.java:56)
	at org.apache.catalina.core.StandardContext.listenerStart(StandardContext.java:5016)
	at org.apache.catalina.core.StandardContext.startInternal(StandardContext.java:5528)
	at org.apache.catalina.util.LifecycleBase.start(LifecycleBase.java:150)
	at org.apache.catalina.core.ContainerBase.addChildInternal(ContainerBase.java:901)
	at org.apache.catalina.core.ContainerBase.addChild(ContainerBase.java:877)
	at org.apache.catalina.core.StandardHost.addChild(StandardHost.java:652)
	at org.apache.catalina.startup.HostConfig.deployDirectory(HostConfig.java:1263)
	at org.apache.catalina.startup.HostConfig$DeployDirectory.run(HostConfig.java:1948)
	at java.util.concurrent.Executors$RunnableAdapter.call(Executors.java:511)
	at java.util.concurrent.FutureTask.run(FutureTask.java:266)
	at java.util.concurrent.ThreadPoolExecutor.runWorker(ThreadPoolExecutor.java:1142)
	at java.util.concurrent.ThreadPoolExecutor$Worker.run(ThreadPoolExecutor.java:617)
	at java.lang.Thread.run(Thread.java:748)
Caused by: org.springframework.beans.factory.BeanCreationException: Error creating bean with name 'cuba_NumberIdSource': Injection of autowired dependencies failed; nested exception is org.springframework.beans.factory.BeanCreationException: Could not autowire field: protected com.haulmont.cuba.core.app.NumberIdService com.haulmont.cuba.client.sys.NumberIdSourceClientImpl.service; nested exception is org.springframework.beans.factory.CannotLoadBeanClassException: Cannot find class [com.haulmont.cuba.portal.sys.remoting.WebRemoteProxyBeanCreator] for bean with name 'tezistest_proxyCreator' defined in class path resource [web-spring.xml]; nested exception is java.lang.ClassNotFoundException: com.haulmont.cuba.portal.sys.remoting.WebRemoteProxyBeanCreator
	at org.springframework.beans.factory.annotation.AutowiredAnnotationBeanPostProcessor.postProcessPropertyValues(AutowiredAnnotationBeanPostProcessor.java:298)
	at org.springframework.beans.factory.support.AbstractAutowireCapableBeanFactory.populateBean(AbstractAutowireCapableBeanFactory.java:1148)
	at org.springframework.beans.factory.support.AbstractAutowireCapableBeanFactory.doCreateBean(AbstractAutowireCapableBeanFactory.java:519)
	at org.springframework.beans.factory.support.AbstractAutowireCapableBeanFactory.createBean(AbstractAutowireCapableBeanFactory.java:458)
	at org.springframework.beans.factory.support.AbstractBeanFactory$1.getObject(AbstractBeanFactory.java:293)
	at org.springframework.beans.factory.support.DefaultSingletonBeanRegistry.getSingleton(DefaultSingletonBeanRegistry.java:223)
	at org.springframework.beans.factory.support.AbstractBeanFactory.doGetBean(AbstractBeanFactory.java:290)
	at org.springframework.beans.factory.support.AbstractBeanFactory.getBean(AbstractBeanFactory.java:191)
	at org.springframework.beans.factory.support.DefaultListableBeanFactory.preInstantiateSingletons(DefaultListableBeanFactory.java:636)
	at org.springframework.context.support.AbstractApplicationContext.finishBeanFactoryInitialization(AbstractApplicationContext.java:934)
	at org.springframework.context.support.AbstractApplicationContext.refresh(AbstractApplicationContext.java:479)
	at com.haulmont.cuba.core.sys.AbstractAppContextLoader.initAppContext(AbstractAppContextLoader.java:47)
	at com.haulmont.cuba.core.sys.AbstractWebAppContextLoader.contextInitialized(AbstractWebAppContextLoader.java:49)
	... 13 more
Caused by: org.springframework.beans.factory.BeanCreationException: Could not autowire field: protected com.haulmont.cuba.core.app.NumberIdService com.haulmont.cuba.client.sys.NumberIdSourceClientImpl.service; nested exception is org.springframework.beans.factory.CannotLoadBeanClassException: Cannot find class [com.haulmont.cuba.portal.sys.remoting.WebRemoteProxyBeanCreator] for bean with name 'tezistest_proxyCreator' defined in class path resource [web-spring.xml]; nested exception is java.lang.ClassNotFoundException: com.haulmont.cuba.portal.sys.remoting.WebRemoteProxyBeanCreator
	at org.springframework.beans.factory.annotation.AutowiredAnnotationBeanPostProcessor$AutowiredFieldElement.inject(AutowiredAnnotationBeanPostProcessor.java:531)
	at org.springframework.beans.factory.annotation.InjectionMetadata.inject(InjectionMetadata.java:88)
	at org.springframework.beans.factory.annotation.AutowiredAnnotationBeanPostProcessor.postProcessPropertyValues(AutowiredAnnotationBeanPostProcessor.java:295)
	... 25 more
Caused by: org.springframework.beans.factory.CannotLoadBeanClassException: Cannot find class [com.haulmont.cuba.portal.sys.remoting.WebRemoteProxyBeanCreator] for bean with name 'tezistest_proxyCreator' defined in class path resource [web-spring.xml]; nested exception is java.lang.ClassNotFoundException: com.haulmont.cuba.portal.sys.remoting.WebRemoteProxyBeanCreator
	at org.springframework.beans.factory.support.AbstractBeanFactory.resolveBeanClass(AbstractBeanFactory.java:1278)
	at org.springframework.beans.factory.support.AbstractAutowireCapableBeanFactory.predictBeanType(AbstractAutowireCapableBeanFactory.java:575)
	at org.springframework.beans.factory.support.AbstractBeanFactory.isFactoryBean(AbstractBeanFactory.java:1347)
	at org.springframework.beans.factory.support.DefaultListableBeanFactory.doGetBeanNamesForType(DefaultListableBeanFactory.java:358)
	at org.springframework.beans.factory.support.DefaultListableBeanFactory.getBeanNamesForType(DefaultListableBeanFactory.java:335)
	at org.springframework.beans.factory.BeanFactoryUtils.beanNamesForTypeIncludingAncestors(BeanFactoryUtils.java:187)
	at org.springframework.beans.factory.support.DefaultListableBeanFactory.findAutowireCandidates(DefaultListableBeanFactory.java:906)
	at org.springframework.beans.factory.support.DefaultListableBeanFactory.doResolveDependency(DefaultListableBeanFactory.java:864)
	at org.springframework.beans.factory.support.DefaultListableBeanFactory.resolveDependency(DefaultListableBeanFactory.java:779)
	at com.haulmont.cuba.core.sys.CubaDefaultListableBeanFactory.resolveDependency(CubaDefaultListableBeanFactory.java:43)
	at org.springframework.beans.factory.annotation.AutowiredAnnotationBeanPostProcessor$AutowiredFieldElement.inject(AutowiredAnnotationBeanPostProcessor.java:503)
	... 27 more
Caused by: java.lang.ClassNotFoundException: com.haulmont.cuba.portal.sys.remoting.WebRemoteProxyBeanCreator
	at org.apache.catalina.loader.WebappClassLoader.loadClass(WebappClassLoader.java:1720)
	at org.apache.catalina.loader.WebappClassLoader.loadClass(WebappClassLoader.java:1571)
	at org.springframework.util.ClassUtils.forName(ClassUtils.java:265)
	at org.springframework.beans.factory.support.AbstractBeanDefinition.resolveBeanClass(AbstractBeanDefinition.java:419)
	at org.springframework.beans.factory.support.AbstractBeanFactory.doResolveBeanClass(AbstractBeanFactory.java:1299)
	at org.springframework.beans.factory.support.AbstractBeanFactory.resolveBeanClass(AbstractBeanFactory.java:1270)
	... 37 more

ноя 08, 2017 6:37:06 PM org.apache.catalina.core.ApplicationContext log
INFO: Initializing AtmosphereFramework
ноя 08, 2017 6:37:06 PM org.apache.catalina.core.ApplicationContext log
INFO: No Spring WebApplicationInitializer types detected on classpath
ноя 08, 2017 6:37:48 PM org.apache.catalina.core.ApplicationContext log
INFO: Initializing Spring FrameworkServlet 'remoting'
ноя 08, 2017 6:37:51 PM org.apache.catalina.core.ApplicationContext log
INFO: Initializing AtmosphereFramework
ноя 08, 2017 6:37:51 PM org.apache.catalina.core.ApplicationContext log
INFO: No Spring WebApplicationInitializer types detected on classpath
ноя 08, 2017 6:37:56 PM org.apache.catalina.core.ApplicationContext log
INFO: Initializing AtmosphereFramework
ноя 08, 2017 6:37:56 PM org.apache.catalina.core.ApplicationContext log
INFO: No Spring WebApplicationInitializer types detected on classpath
ноя 08, 2017 6:37:59 PM org.apache.catalina.core.ApplicationContext log
INFO: Initializing Spring root WebApplicationContext
ноя 08, 2017 6:37:59 PM org.apache.catalina.core.ApplicationContext log
INFO: Initializing Spring FrameworkServlet 'old-reminder-update-ws'
ноя 08, 2017 6:38:00 PM org.apache.catalina.core.ApplicationContext log
INFO: Initializing Spring FrameworkServlet 'spring-ws'
ноя 08, 2017 6:38:02 PM org.apache.catalina.core.ApplicationContext log
INFO: Initializing AtmosphereFramework
ноя 08, 2017 6:38:02 PM org.apache.catalina.core.ApplicationContext log
INFO: No Spring WebApplicationInitializer types detected on classpath
ноя 08, 2017 6:38:12 PM org.apache.catalina.core.ApplicationContext log
INFO: Initializing AtmosphereFramework
ноя 08, 2017 6:38:12 PM org.apache.catalina.core.ApplicationContext log
INFO: No Spring WebApplicationInitializer types detected on classpath
ноя 08, 2017 6:38:20 PM org.apache.catalina.core.ApplicationContext log
INFO: Initializing Spring FrameworkServlet 'dispatcher'
ноя 08, 2017 6:43:30 PM org.apache.catalina.core.ApplicationContext log
INFO: Initializing AtmosphereFramework
ноя 08, 2017 6:43:31 PM org.apache.catalina.core.ApplicationContext log
INFO: No Spring WebApplicationInitializer types detected on classpath
ноя 08, 2017 6:43:44 PM org.apache.catalina.core.ApplicationContext log
INFO: Initializing Spring FrameworkServlet 'dispatcher'
ноя 08, 2017 6:43:47 PM org.apache.catalina.core.ApplicationContext log
INFO: Initializing AtmosphereFramework
ноя 08, 2017 6:43:47 PM org.apache.catalina.core.ApplicationContext log
INFO: No Spring WebApplicationInitializer types detected on classpath
ноя 08, 2017 6:44:21 PM org.apache.catalina.core.ApplicationContext log
INFO: Initializing Spring FrameworkServlet 'remoting'
ноя 08, 2017 6:44:23 PM org.apache.catalina.core.ApplicationContext log
INFO: Initializing AtmosphereFramework
ноя 08, 2017 6:44:23 PM org.apache.catalina.core.ApplicationContext log
INFO: No Spring WebApplicationInitializer types detected on classpath
ноя 08, 2017 6:44:28 PM org.apache.catalina.core.ApplicationContext log
INFO: Initializing AtmosphereFramework
ноя 08, 2017 6:44:28 PM org.apache.catalina.core.ApplicationContext log
INFO: No Spring WebApplicationInitializer types detected on classpath
ноя 08, 2017 6:44:31 PM org.apache.catalina.core.ApplicationContext log
INFO: Initializing Spring root WebApplicationContext
ноя 08, 2017 6:44:31 PM org.apache.catalina.core.ApplicationContext log
INFO: Initializing Spring FrameworkServlet 'old-reminder-update-ws'
ноя 08, 2017 6:44:31 PM org.apache.catalina.core.ApplicationContext log
INFO: Initializing Spring FrameworkServlet 'spring-ws'
ноя 08, 2017 6:44:33 PM org.apache.catalina.core.ApplicationContext log
INFO: Initializing AtmosphereFramework
ноя 08, 2017 6:44:33 PM org.apache.catalina.core.ApplicationContext log
INFO: No Spring WebApplicationInitializer types detected on classpath
ноя 08, 2017 6:50:53 PM org.apache.catalina.core.ApplicationContext log
INFO: Initializing AtmosphereFramework
ноя 08, 2017 6:50:54 PM org.apache.catalina.core.ApplicationContext log
INFO: No Spring WebApplicationInitializer types detected on classpath
ноя 08, 2017 6:51:05 PM org.apache.catalina.core.ApplicationContext log
INFO: Initializing Spring FrameworkServlet 'dispatcher'
ноя 08, 2017 6:51:08 PM org.apache.catalina.core.ApplicationContext log
INFO: Initializing AtmosphereFramework
ноя 08, 2017 6:51:08 PM org.apache.catalina.core.ApplicationContext log
INFO: No Spring WebApplicationInitializer types detected on classpath
ноя 08, 2017 6:51:41 PM org.apache.catalina.core.ApplicationContext log
INFO: Initializing Spring FrameworkServlet 'remoting'
ноя 08, 2017 6:51:43 PM org.apache.catalina.core.ApplicationContext log
INFO: Initializing AtmosphereFramework
ноя 08, 2017 6:51:43 PM org.apache.catalina.core.ApplicationContext log
INFO: No Spring WebApplicationInitializer types detected on classpath
ноя 08, 2017 6:51:48 PM org.apache.catalina.core.ApplicationContext log
INFO: Initializing AtmosphereFramework
ноя 08, 2017 6:51:48 PM org.apache.catalina.core.ApplicationContext log
INFO: No Spring WebApplicationInitializer types detected on classpath
ноя 08, 2017 6:51:52 PM org.apache.catalina.core.ApplicationContext log
INFO: Initializing Spring root WebApplicationContext
ноя 08, 2017 6:51:52 PM org.apache.catalina.core.ApplicationContext log
INFO: Initializing Spring FrameworkServlet 'old-reminder-update-ws'
ноя 08, 2017 6:51:53 PM org.apache.catalina.core.ApplicationContext log
INFO: Initializing Spring FrameworkServlet 'spring-ws'
ноя 08, 2017 6:51:55 PM org.apache.catalina.core.ApplicationContext log
INFO: Initializing AtmosphereFramework
ноя 08, 2017 6:51:55 PM org.apache.catalina.core.ApplicationContext log
INFO: No Spring WebApplicationInitializer types detected on classpath
ноя 08, 2017 6:55:36 PM org.apache.catalina.core.ApplicationContext log
INFO: Destroying Spring FrameworkServlet 'dispatcher'
ноя 08, 2017 6:55:37 PM org.apache.catalina.core.ApplicationContext log
INFO: Destroying Spring FrameworkServlet 'remoting'
ноя 08, 2017 6:55:38 PM org.apache.catalina.core.ApplicationContext log
INFO: Destroying Spring FrameworkServlet 'old-reminder-update-ws'
ноя 08, 2017 6:55:38 PM org.apache.catalina.core.ApplicationContext log
INFO: Destroying Spring FrameworkServlet 'spring-ws'
ноя 08, 2017 6:55:38 PM org.apache.catalina.core.ApplicationContext log
INFO: Closing Spring root WebApplicationContext
ноя 08, 2017 6:57:54 PM org.apache.catalina.core.ApplicationContext log
INFO: Initializing AtmosphereFramework
ноя 08, 2017 6:57:55 PM org.apache.catalina.core.ApplicationContext log
INFO: No Spring WebApplicationInitializer types detected on classpath
ноя 08, 2017 6:58:09 PM org.apache.catalina.core.ApplicationContext log
INFO: Initializing Spring FrameworkServlet 'dispatcher'
ноя 08, 2017 6:58:12 PM org.apache.catalina.core.ApplicationContext log
INFO: Initializing AtmosphereFramework
ноя 08, 2017 6:58:12 PM org.apache.catalina.core.ApplicationContext log
INFO: No Spring WebApplicationInitializer types detected on classpath
ноя 08, 2017 6:58:45 PM org.apache.catalina.core.ApplicationContext log
INFO: Initializing Spring FrameworkServlet 'remoting'
ноя 08, 2017 6:58:46 PM org.apache.catalina.core.ApplicationContext log
INFO: Initializing AtmosphereFramework
ноя 08, 2017 6:58:46 PM org.apache.catalina.core.ApplicationContext log
INFO: No Spring WebApplicationInitializer types detected on classpath
ноя 08, 2017 6:58:51 PM org.apache.catalina.core.ApplicationContext log
INFO: Initializing AtmosphereFramework
ноя 08, 2017 6:58:51 PM org.apache.catalina.core.ApplicationContext log
INFO: No Spring WebApplicationInitializer types detected on classpath
ноя 08, 2017 6:58:54 PM org.apache.catalina.core.ApplicationContext log
INFO: Initializing Spring root WebApplicationContext
ноя 08, 2017 6:58:54 PM org.apache.catalina.core.ApplicationContext log
INFO: Initializing Spring FrameworkServlet 'old-reminder-update-ws'
ноя 08, 2017 6:58:55 PM org.apache.catalina.core.ApplicationContext log
INFO: Initializing Spring FrameworkServlet 'spring-ws'
ноя 08, 2017 6:58:56 PM org.apache.catalina.core.ApplicationContext log
INFO: Initializing AtmosphereFramework
ноя 08, 2017 6:58:56 PM org.apache.catalina.core.ApplicationContext log
INFO: No Spring WebApplicationInitializer types detected on classpath
